INFO 2021-08-05 17:24:42,161 autoreload 637 Watching for file changes with StatReloader
INFO 2021-08-05 17:24:44,895 basehttp 161 "GET / HTTP/1.1" 200 10633
INFO 2021-08-05 17:25:03,614 autoreload 251 F:\git ¿â\django_blog\new_pro\new_pro\settings.py changed, reloading.
INFO 2021-08-05 17:28:59,710 autoreload 637 Watching for file changes with StatReloader
INFO 2021-08-05 17:29:18,394 basehttp 161 "GET / HTTP/1.1" 200 10633
INFO 2021-08-05 17:29:55,720 autoreload 251 F:\git ¿â\django_blog\new_pro\new_pro\settings.py changed, reloading.
INFO 2021-08-05 17:30:22,768 autoreload 637 Watching for file changes with StatReloader
INFO 2021-08-05 17:32:58,192 autoreload 251 F:\git ¿â\django_blog\new_pro\new_pro\urls.py changed, reloading.
INFO 2021-08-05 17:32:59,768 autoreload 637 Watching for file changes with StatReloader
INFO 2021-08-05 17:33:01,503 basehttp 161 "GET / HTTP/1.1" 200 4
INFO 2021-08-05 17:35:28,126 autoreload 251 F:\git ¿â\django_blog\new_pro\new_pro\urls.py changed, reloading.
INFO 2021-08-05 17:35:29,744 autoreload 637 Watching for file changes with StatReloader
INFO 2021-08-05 17:35:30,110 urls 27 info
INFO 2021-08-05 17:35:30,110 basehttp 161 "GET / HTTP/1.1" 200 4
INFO 2021-08-05 17:35:32,997 urls 27 info
INFO 2021-08-05 17:35:32,997 basehttp 161 "GET / HTTP/1.1" 200 4
INFO 2021-08-05 18:15:14,233 autoreload 251 F:\git ¿â\django_blog\new_pro\new_pro\urls.py changed, reloading.
INFO 2021-08-05 18:15:15,929 autoreload 637 Watching for file changes with StatReloader
INFO 2021-08-05 18:16:02,528 autoreload 251 F:\git ¿â\django_blog\new_pro\new_pro\urls.py changed, reloading.
INFO 2021-08-05 18:16:04,144 autoreload 637 Watching for file changes with StatReloader
INFO 2021-08-05 22:33:38,215 urls 27 info
INFO 2021-08-05 22:33:38,217 basehttp 161 "GET / HTTP/1.1" 200 4
INFO 2021-08-06 17:07:40,215 autoreload 637 Watching for file changes with StatReloader
INFO 2021-08-06 17:09:21,846 autoreload 251 F:\git ¿â\django_blog\new_pro\new_pro\settings.py changed, reloading.
INFO 2021-08-06 17:09:23,506 autoreload 637 Watching for file changes with StatReloader
INFO 2021-08-06 17:10:49,793 autoreload 251 F:\git ¿â\django_blog\new_pro\new_pro\settings.py changed, reloading.
INFO 2021-08-06 17:10:51,688 autoreload 637 Watching for file changes with StatReloader
INFO 2021-08-06 17:11:22,233 urls 27 info
INFO 2021-08-06 17:11:22,235 basehttp 161 "GET / HTTP/1.1" 200 4
WARNING 2021-08-06 17:11:22,762 log 224 Not Found: /favicon.ico
WARNING 2021-08-06 17:11:22,763 basehttp 161 "GET /favicon.ico HTTP/1.1" 404 2211
WARNING 2021-08-06 17:11:36,783 basehttp 161 "GET /static/index.html HTTP/1.1" 404 1789
INFO 2021-08-06 17:12:48,767 autoreload 251 F:\git ¿â\django_blog\new_pro\new_pro\settings.py changed, reloading.
INFO 2021-08-06 17:12:50,519 autoreload 637 Watching for file changes with StatReloader
INFO 2021-08-06 17:12:54,256 urls 27 info
INFO 2021-08-06 17:12:54,257 basehttp 161 "GET / HTTP/1.1" 200 4
WARNING 2021-08-06 17:12:57,025 basehttp 161 "GET /static/index.html HTTP/1.1" 404 1789
INFO 2021-08-06 17:14:48,927 autoreload 637 Watching for file changes with StatReloader
INFO 2021-08-06 17:14:50,449 urls 27 info
INFO 2021-08-06 17:14:50,450 basehttp 161 "GET / HTTP/1.1" 200 4
WARNING 2021-08-06 17:14:53,271 basehttp 161 "GET /static/index.html HTTP/1.1" 404 1789
WARNING 2021-08-06 17:14:54,088 basehttp 161 "GET /static/index.html HTTP/1.1" 404 1789
WARNING 2021-08-06 17:14:54,341 basehttp 161 "GET /static/index.html HTTP/1.1" 404 1789
WARNING 2021-08-06 17:14:54,703 basehttp 161 "GET /static/index.html HTTP/1.1" 404 1789
WARNING 2021-08-06 17:14:54,904 basehttp 161 "GET /static/index.html HTTP/1.1" 404 1789
WARNING 2021-08-06 17:15:11,063 basehttp 161 "GET /static/index.index HTTP/1.1" 404 1792
WARNING 2021-08-06 17:15:19,778 basehttp 161 "GET /static/index.html HTTP/1.1" 404 1789
INFO 2021-08-06 17:18:22,692 urls 27 info
INFO 2021-08-06 17:18:22,693 basehttp 161 "GET / HTTP/1.1" 200 4
WARNING 2021-08-06 17:18:35,017 basehttp 161 "GET /static/index.html HTTP/1.1" 404 1789
INFO 2021-08-06 17:20:27,990 urls 27 info
INFO 2021-08-06 17:20:27,991 basehttp 161 "GET / HTTP/1.1" 200 4
INFO 2021-08-06 17:20:28,578 autoreload 251 F:\git ¿â\django_blog\new_pro\new_pro\settings.py changed, reloading.
INFO 2021-08-06 17:20:30,455 autoreload 637 Watching for file changes with StatReloader
INFO 2021-08-06 17:20:39,638 basehttp 161 "GET /static/index.html HTTP/1.1" 200 11998
INFO 2021-08-06 17:20:39,672 basehttp 161 "GET /static/md_css/monokai.css HTTP/1.1" 200 4118
INFO 2021-08-06 17:20:39,676 basehttp 161 "GET /static/common/common.css HTTP/1.1" 200 381
INFO 2021-08-06 17:20:39,677 basehttp 161 "GET /static/common/jquery.pagination.css HTTP/1.1" 200 523
INFO 2021-08-06 17:20:39,679 basehttp 161 "GET /static/img/1.jpg HTTP/1.1" 200 78682
INFO 2021-08-06 17:20:39,679 basehttp 161 "GET /static/bootstrap/css/bootstrap.min.css HTTP/1.1" 200 140942
INFO 2021-08-06 17:20:39,689 basehttp 161 "GET /static/js/axios-0.18.0.min.js HTTP/1.1" 200 12941
INFO 2021-08-06 17:20:39,691 basehttp 161 "GET /static/js/common.js HTTP/1.1" 200 891
INFO 2021-08-06 17:20:39,692 basehttp 161 "GET /static/js/host.js HTTP/1.1" 200 35
INFO 2021-08-06 17:20:39,694 basehttp 161 "GET /static/js/index.js HTTP/1.1" 200 530
INFO 2021-08-06 17:20:39,695 basehttp 161 "GET /static/js/jquery.pagination.min.js HTTP/1.1" 200 2935
INFO 2021-08-06 17:20:39,696 basehttp 161 "GET /static/js/jquery-1.12.4.min.js HTTP/1.1" 200 97163
INFO 2021-08-06 17:20:39,698 basehttp 161 "GET /static/js/vue-2.5.16.js HTTP/1.1" 200 289307
INFO 2021-08-06 17:20:58,086 basehttp 161 "GET /static/write_blog.html HTTP/1.1" 200 5722
INFO 2021-08-06 17:20:58,118 basehttp 161 "GET /static/js/write_blog.js HTTP/1.1" 200 521
INFO 2021-08-06 17:20:58,119 basehttp 161 "GET /static/ckeditor/ckeditor-init.js HTTP/1.1" 200 2039
INFO 2021-08-06 17:20:58,125 basehttp 161 "GET /static/ckeditor/ckeditor/ckeditor.js HTTP/1.1" 200 690627
INFO 2021-08-06 17:20:58,270 basehttp 161 "GET /static/ckeditor/ckeditor/config.js?t=I3I8 HTTP/1.1" 200 338
INFO 2021-08-06 17:20:58,291 basehttp 161 "GET /static/ckeditor/ckeditor/skins/moono-lisa/editor.css?t=I3I8 HTTP/1.1" 200 46921
INFO 2021-08-06 17:20:58,295 basehttp 161 "GET /static/ckeditor/ckeditor/lang/zh-cn.js?t=I3I8 HTTP/1.1" 200 18818
INFO 2021-08-06 17:20:58,308 basehttp 161 "GET /static/ckeditor/ckeditor/styles.js?t=I3I8 HTTP/1.1" 200 5583
INFO 2021-08-06 17:20:58,325 basehttp 161 "GET /static/ckeditor/ckeditor/plugins/scayt/skins/moono-lisa/scayt.css HTTP/1.1" 200 381
INFO 2021-08-06 17:20:58,328 basehttp 161 "GET /static/ckeditor/ckeditor/plugins/scayt/dialogs/dialog.css HTTP/1.1" 200 419
INFO 2021-08-06 17:20:58,328 basehttp 161 "GET /static/ckeditor/ckeditor/plugins/wsc/skins/moono-lisa/wsc.css HTTP/1.1" 200 1306
INFO 2021-08-06 17:20:58,329 basehttp 161 "GET /static/ckeditor/ckeditor/plugins/tableselection/styles/tableselection.css HTTP/1.1" 200 1082
INFO 2021-08-06 17:20:58,330 basehttp 161 "GET /static/ckeditor/ckeditor/plugins/copyformatting/styles/copyformatting.css HTTP/1.1" 200 1513
INFO 2021-08-06 17:20:58,352 basehttp 161 "GET /static/ckeditor/ckeditor/skins/moono-lisa/icons.png?t=95e5d83 HTTP/1.1" 200 12421
INFO 2021-08-06 17:20:58,383 basehttp 161 "GET /static/ckeditor/ckeditor/contents.css?t=I3I8 HTTP/1.1" 200 2954
INFO 2021-08-06 17:20:59,248 basehttp 161 "GET /static/login.html HTTP/1.1" 200 3089
INFO 2021-08-06 17:20:59,279 basehttp 161 "GET /static/js/login.js HTTP/1.1" 200 677
INFO 2021-08-06 17:21:01,972 basehttp 161 "POST /static/login.html HTTP/1.1" 200 3089
INFO 2021-08-06 17:21:04,230 basehttp 161 "POST /static/login.html HTTP/1.1" 200 3089
INFO 2021-08-06 17:21:05,360 basehttp 161 "GET /static/register.html HTTP/1.1" 200 5235
INFO 2021-08-06 17:21:05,381 basehttp 161 "GET /static/img/image_code.png HTTP/1.1" 200 3483
INFO 2021-08-06 17:21:05,401 basehttp 161 "GET /static/js/register.js HTTP/1.1" 200 6407
INFO 2021-08-06 17:30:11,755 autoreload 251 F:\git ¿â\django_blog\new_pro\new_pro\settings.py changed, reloading.
INFO 2021-08-06 17:30:13,557 autoreload 637 Watching for file changes with StatReloader
INFO 2021-08-06 17:41:53,788 autoreload 251 F:\git ¿â\django_blog\new_pro\new_pro\urls.py changed, reloading.
INFO 2021-08-06 17:41:55,722 autoreload 637 Watching for file changes with StatReloader
WARNING 2021-08-06 17:42:00,617 basehttp 161 "GET /static/register.html HTTP/1.1" 404 1798
WARNING 2021-08-06 17:42:05,815 log 224 Not Found: /egister.html
WARNING 2021-08-06 17:42:05,816 basehttp 161 "GET /egister.html HTTP/1.1" 404 2287
WARNING 2021-08-06 17:42:08,356 log 224 Not Found: /egister
WARNING 2021-08-06 17:42:08,357 basehttp 161 "GET /egister HTTP/1.1" 404 2272
WARNING 2021-08-06 17:42:10,427 log 224 Not Found: /egister
WARNING 2021-08-06 17:42:10,427 basehttp 161 "GET /egister HTTP/1.1" 404 2272
INFO 2021-08-06 17:42:18,328 basehttp 161 "GET /register HTTP/1.1" 301 0
INFO 2021-08-06 17:42:18,422 basehttp 161 "GET /register/ HTTP/1.1" 200 5217
ERROR 2021-08-06 17:49:12,397 log 224 Internal Server Error: /register/
Traceback (most recent call last):
  File "F:\git ¿â\django_blog\new_pro\venv\lib\site-packages\django\template\defaulttags.py", line 1034, in find_library
    return parser.libraries[name]
KeyError: 'staticfiles'

During handling of the above exception, another exception occurred:

Traceback (most recent call last):
  File "F:\git ¿â\django_blog\new_pro\venv\lib\site-packages\django\core\handlers\exception.py", line 47, in inner
    response = get_response(request)
  File "F:\git ¿â\django_blog\new_pro\venv\lib\site-packages\django\core\handlers\base.py", line 181, in _get_response
    response = wrapped_callback(request, *callback_args, **callback_kwargs)
  File "F:\git ¿â\django_blog\new_pro\venv\lib\site-packages\django\views\generic\base.py", line 70, in view
    return self.dispatch(request, *args, **kwargs)
  File "F:\git ¿â\django_blog\new_pro\venv\lib\site-packages\django\views\generic\base.py", line 98, in dispatch
    return handler(request, *args, **kwargs)
  File "F:\git ¿â\django_blog\new_pro\users\views.py", line 6, in get
    return render(request,'register.html')
  File "F:\git ¿â\django_blog\new_pro\venv\lib\site-packages\django\shortcuts.py", line 19, in render
    content = loader.render_to_string(template_name, context, request, using=using)
  File "F:\git ¿â\django_blog\new_pro\venv\lib\site-packages\django\template\loader.py", line 61, in render_to_string
    template = get_template(template_name, using=using)
  File "F:\git ¿â\django_blog\new_pro\venv\lib\site-packages\django\template\loader.py", line 15, in get_template
    return engine.get_template(template_name)
  File "F:\git ¿â\django_blog\new_pro\venv\lib\site-packages\django\template\backends\django.py", line 34, in get_template
    return Template(self.engine.get_template(template_name), self)
  File "F:\git ¿â\django_blog\new_pro\venv\lib\site-packages\django\template\engine.py", line 143, in get_template
    template, origin = self.find_template(template_name)
  File "F:\git ¿â\django_blog\new_pro\venv\lib\site-packages\django\template\engine.py", line 125, in find_template
    template = loader.get_template(name, skip=skip)
  File "F:\git ¿â\django_blog\new_pro\venv\lib\site-packages\django\template\loaders\base.py", line 29, in get_template
    return Template(
  File "F:\git ¿â\django_blog\new_pro\venv\lib\site-packages\django\template\base.py", line 155, in __init__
    self.nodelist = self.compile_nodelist()
  File "F:\git ¿â\django_blog\new_pro\venv\lib\site-packages\django\template\base.py", line 193, in compile_nodelist
    return parser.parse()
  File "F:\git ¿â\django_blog\new_pro\venv\lib\site-packages\django\template\base.py", line 478, in parse
    raise self.error(token, e)
  File "F:\git ¿â\django_blog\new_pro\venv\lib\site-packages\django\template\base.py", line 476, in parse
    compiled_result = compile_func(self, token)
  File "F:\git ¿â\django_blog\new_pro\venv\lib\site-packages\django\template\defaulttags.py", line 1091, in load
    lib = find_library(parser, name)
  File "F:\git ¿â\django_blog\new_pro\venv\lib\site-packages\django\template\defaulttags.py", line 1036, in find_library
    raise TemplateSyntaxError(
django.template.exceptions.TemplateSyntaxError: 'staticfiles' is not a registered tag library. Must be one of:
admin_list
admin_modify
admin_urls
cache
i18n
l10n
log
static
tz
ERROR 2021-08-06 17:49:12,418 log 224 Internal Server Error: /register/
Traceback (most recent call last):
  File "F:\git ¿â\django_blog\new_pro\venv\lib\site-packages\django\template\defaulttags.py", line 1034, in find_library
    return parser.libraries[name]
KeyError: 'staticfiles'

During handling of the above exception, another exception occurred:

Traceback (most recent call last):
  File "F:\git ¿â\django_blog\new_pro\venv\lib\site-packages\django\core\handlers\exception.py", line 47, in inner
    response = get_response(request)
  File "F:\git ¿â\django_blog\new_pro\venv\lib\site-packages\django\core\handlers\base.py", line 181, in _get_response
    response = wrapped_callback(request, *callback_args, **callback_kwargs)
  File "F:\git ¿â\django_blog\new_pro\venv\lib\site-packages\django\views\generic\base.py", line 70, in view
    return self.dispatch(request, *args, **kwargs)
  File "F:\git ¿â\django_blog\new_pro\venv\lib\site-packages\django\views\generic\base.py", line 98, in dispatch
    return handler(request, *args, **kwargs)
  File "F:\git ¿â\django_blog\new_pro\users\views.py", line 6, in get
    return render(request,'register.html')
  File "F:\git ¿â\django_blog\new_pro\venv\lib\site-packages\django\shortcuts.py", line 19, in render
    content = loader.render_to_string(template_name, context, request, using=using)
  File "F:\git ¿â\django_blog\new_pro\venv\lib\site-packages\django\template\loader.py", line 61, in render_to_string
    template = get_template(template_name, using=using)
  File "F:\git ¿â\django_blog\new_pro\venv\lib\site-packages\django\template\loader.py", line 15, in get_template
    return engine.get_template(template_name)
  File "F:\git ¿â\django_blog\new_pro\venv\lib\site-packages\django\template\backends\django.py", line 34, in get_template
    return Template(self.engine.get_template(template_name), self)
  File "F:\git ¿â\django_blog\new_pro\venv\lib\site-packages\django\template\engine.py", line 143, in get_template
    template, origin = self.find_template(template_name)
  File "F:\git ¿â\django_blog\new_pro\venv\lib\site-packages\django\template\engine.py", line 125, in find_template
    template = loader.get_template(name, skip=skip)
  File "F:\git ¿â\django_blog\new_pro\venv\lib\site-packages\django\template\loaders\base.py", line 29, in get_template
    return Template(
  File "F:\git ¿â\django_blog\new_pro\venv\lib\site-packages\django\template\base.py", line 155, in __init__
    self.nodelist = self.compile_nodelist()
  File "F:\git ¿â\django_blog\new_pro\venv\lib\site-packages\django\template\base.py", line 193, in compile_nodelist
    return parser.parse()
  File "F:\git ¿â\django_blog\new_pro\venv\lib\site-packages\django\template\base.py", line 478, in parse
    raise self.error(token, e)
  File "F:\git ¿â\django_blog\new_pro\venv\lib\site-packages\django\template\base.py", line 476, in parse
    compiled_result = compile_func(self, token)
  File "F:\git ¿â\django_blog\new_pro\venv\lib\site-packages\django\template\defaulttags.py", line 1091, in load
    lib = find_library(parser, name)
  File "F:\git ¿â\django_blog\new_pro\venv\lib\site-packages\django\template\defaulttags.py", line 1036, in find_library
    raise TemplateSyntaxError(
django.template.exceptions.TemplateSyntaxError: 'staticfiles' is not a registered tag library. Must be one of:
admin_list
admin_modify
admin_urls
cache
i18n
l10n
log
static
tz
INFO 2021-08-06 17:49:12,421 basehttp 75 - Broken pipe from ('127.0.0.1', 11989)

INFO 2021-08-06 17:49:12,424 basehttp 75 - Broken pipe from ('127.0.0.1', 14332)

INFO 2021-08-06 17:55:41,631 autoreload 251 F:\git ¿â\django_blog\new_pro\users\models.py changed, reloading.
INFO 2021-08-06 17:55:43,743 autoreload 637 Watching for file changes with StatReloader
INFO 2021-08-06 17:59:16,416 basehttp 161 "GET /static/login.html HTTP/1.1" 200 3102
INFO 2021-08-07 15:27:12,945 autoreload 637 Watching for file changes with StatReloader
WARNING 2021-08-07 15:27:15,449 log 224 Not Found: /
WARNING 2021-08-07 15:27:15,450 basehttp 161 "GET / HTTP/1.1" 404 2233
WARNING 2021-08-07 15:27:15,664 log 224 Not Found: /favicon.ico
WARNING 2021-08-07 15:27:15,664 basehttp 161 "GET /favicon.ico HTTP/1.1" 404 2284
ERROR 2021-08-07 15:27:26,194 log 224 Internal Server Error: /register/
Traceback (most recent call last):
  File "F:\git ¿â\django_blog\new_pro\venv\lib\site-packages\django\template\defaulttags.py", line 1034, in find_library
    return parser.libraries[name]
KeyError: 'staticfiles'

During handling of the above exception, another exception occurred:

Traceback (most recent call last):
  File "F:\git ¿â\django_blog\new_pro\venv\lib\site-packages\django\core\handlers\exception.py", line 47, in inner
    response = get_response(request)
  File "F:\git ¿â\django_blog\new_pro\venv\lib\site-packages\django\core\handlers\base.py", line 181, in _get_response
    response = wrapped_callback(request, *callback_args, **callback_kwargs)
  File "F:\git ¿â\django_blog\new_pro\venv\lib\site-packages\django\views\generic\base.py", line 70, in view
    return self.dispatch(request, *args, **kwargs)
  File "F:\git ¿â\django_blog\new_pro\venv\lib\site-packages\django\views\generic\base.py", line 98, in dispatch
    return handler(request, *args, **kwargs)
  File "F:\git ¿â\django_blog\new_pro\users\views.py", line 6, in get
    return render(request,'register.html')
  File "F:\git ¿â\django_blog\new_pro\venv\lib\site-packages\django\shortcuts.py", line 19, in render
    content = loader.render_to_string(template_name, context, request, using=using)
  File "F:\git ¿â\django_blog\new_pro\venv\lib\site-packages\django\template\loader.py", line 61, in render_to_string
    template = get_template(template_name, using=using)
  File "F:\git ¿â\django_blog\new_pro\venv\lib\site-packages\django\template\loader.py", line 15, in get_template
    return engine.get_template(template_name)
  File "F:\git ¿â\django_blog\new_pro\venv\lib\site-packages\django\template\backends\django.py", line 34, in get_template
    return Template(self.engine.get_template(template_name), self)
  File "F:\git ¿â\django_blog\new_pro\venv\lib\site-packages\django\template\engine.py", line 143, in get_template
    template, origin = self.find_template(template_name)
  File "F:\git ¿â\django_blog\new_pro\venv\lib\site-packages\django\template\engine.py", line 125, in find_template
    template = loader.get_template(name, skip=skip)
  File "F:\git ¿â\django_blog\new_pro\venv\lib\site-packages\django\template\loaders\base.py", line 29, in get_template
    return Template(
  File "F:\git ¿â\django_blog\new_pro\venv\lib\site-packages\django\template\base.py", line 155, in __init__
    self.nodelist = self.compile_nodelist()
  File "F:\git ¿â\django_blog\new_pro\venv\lib\site-packages\django\template\base.py", line 193, in compile_nodelist
    return parser.parse()
  File "F:\git ¿â\django_blog\new_pro\venv\lib\site-packages\django\template\base.py", line 478, in parse
    raise self.error(token, e)
  File "F:\git ¿â\django_blog\new_pro\venv\lib\site-packages\django\template\base.py", line 476, in parse
    compiled_result = compile_func(self, token)
  File "F:\git ¿â\django_blog\new_pro\venv\lib\site-packages\django\template\defaulttags.py", line 1091, in load
    lib = find_library(parser, name)
  File "F:\git ¿â\django_blog\new_pro\venv\lib\site-packages\django\template\defaulttags.py", line 1036, in find_library
    raise TemplateSyntaxError(
django.template.exceptions.TemplateSyntaxError: 'staticfiles' is not a registered tag library. Must be one of:
admin_list
admin_modify
admin_urls
cache
i18n
l10n
log
static
tz
ERROR 2021-08-07 15:27:26,197 basehttp 161 "GET /register/ HTTP/1.1" 500 155145
ERROR 2021-08-07 15:28:17,187 log 224 Internal Server Error: /register/
Traceback (most recent call last):
  File "F:\git ¿â\django_blog\new_pro\venv\lib\site-packages\django\template\defaulttags.py", line 1034, in find_library
    return parser.libraries[name]
KeyError: 'staticfiles'

During handling of the above exception, another exception occurred:

Traceback (most recent call last):
  File "F:\git ¿â\django_blog\new_pro\venv\lib\site-packages\django\core\handlers\exception.py", line 47, in inner
    response = get_response(request)
  File "F:\git ¿â\django_blog\new_pro\venv\lib\site-packages\django\core\handlers\base.py", line 181, in _get_response
    response = wrapped_callback(request, *callback_args, **callback_kwargs)
  File "F:\git ¿â\django_blog\new_pro\venv\lib\site-packages\django\views\generic\base.py", line 70, in view
    return self.dispatch(request, *args, **kwargs)
  File "F:\git ¿â\django_blog\new_pro\venv\lib\site-packages\django\views\generic\base.py", line 98, in dispatch
    return handler(request, *args, **kwargs)
  File "F:\git ¿â\django_blog\new_pro\users\views.py", line 6, in get
    return render(request,'register.html')
  File "F:\git ¿â\django_blog\new_pro\venv\lib\site-packages\django\shortcuts.py", line 19, in render
    content = loader.render_to_string(template_name, context, request, using=using)
  File "F:\git ¿â\django_blog\new_pro\venv\lib\site-packages\django\template\loader.py", line 61, in render_to_string
    template = get_template(template_name, using=using)
  File "F:\git ¿â\django_blog\new_pro\venv\lib\site-packages\django\template\loader.py", line 15, in get_template
    return engine.get_template(template_name)
  File "F:\git ¿â\django_blog\new_pro\venv\lib\site-packages\django\template\backends\django.py", line 34, in get_template
    return Template(self.engine.get_template(template_name), self)
  File "F:\git ¿â\django_blog\new_pro\venv\lib\site-packages\django\template\engine.py", line 143, in get_template
    template, origin = self.find_template(template_name)
  File "F:\git ¿â\django_blog\new_pro\venv\lib\site-packages\django\template\engine.py", line 125, in find_template
    template = loader.get_template(name, skip=skip)
  File "F:\git ¿â\django_blog\new_pro\venv\lib\site-packages\django\template\loaders\base.py", line 29, in get_template
    return Template(
  File "F:\git ¿â\django_blog\new_pro\venv\lib\site-packages\django\template\base.py", line 155, in __init__
    self.nodelist = self.compile_nodelist()
  File "F:\git ¿â\django_blog\new_pro\venv\lib\site-packages\django\template\base.py", line 193, in compile_nodelist
    return parser.parse()
  File "F:\git ¿â\django_blog\new_pro\venv\lib\site-packages\django\template\base.py", line 478, in parse
    raise self.error(token, e)
  File "F:\git ¿â\django_blog\new_pro\venv\lib\site-packages\django\template\base.py", line 476, in parse
    compiled_result = compile_func(self, token)
  File "F:\git ¿â\django_blog\new_pro\venv\lib\site-packages\django\template\defaulttags.py", line 1091, in load
    lib = find_library(parser, name)
  File "F:\git ¿â\django_blog\new_pro\venv\lib\site-packages\django\template\defaulttags.py", line 1036, in find_library
    raise TemplateSyntaxError(
django.template.exceptions.TemplateSyntaxError: 'staticfiles' is not a registered tag library. Must be one of:
admin_list
admin_modify
admin_urls
cache
i18n
l10n
log
static
tz
ERROR 2021-08-07 15:28:17,190 basehttp 161 "GET /register/ HTTP/1.1" 500 155282
ERROR 2021-08-07 15:28:28,918 log 224 Internal Server Error: /register/
Traceback (most recent call last):
  File "F:\git ¿â\django_blog\new_pro\venv\lib\site-packages\django\template\defaulttags.py", line 1034, in find_library
    return parser.libraries[name]
KeyError: 'staticfiles'

During handling of the above exception, another exception occurred:

Traceback (most recent call last):
  File "F:\git ¿â\django_blog\new_pro\venv\lib\site-packages\django\core\handlers\exception.py", line 47, in inner
    response = get_response(request)
  File "F:\git ¿â\django_blog\new_pro\venv\lib\site-packages\django\core\handlers\base.py", line 181, in _get_response
    response = wrapped_callback(request, *callback_args, **callback_kwargs)
  File "F:\git ¿â\django_blog\new_pro\venv\lib\site-packages\django\views\generic\base.py", line 70, in view
    return self.dispatch(request, *args, **kwargs)
  File "F:\git ¿â\django_blog\new_pro\venv\lib\site-packages\django\views\generic\base.py", line 98, in dispatch
    return handler(request, *args, **kwargs)
  File "F:\git ¿â\django_blog\new_pro\users\views.py", line 6, in get
    return render(request,'register.html')
  File "F:\git ¿â\django_blog\new_pro\venv\lib\site-packages\django\shortcuts.py", line 19, in render
    content = loader.render_to_string(template_name, context, request, using=using)
  File "F:\git ¿â\django_blog\new_pro\venv\lib\site-packages\django\template\loader.py", line 61, in render_to_string
    template = get_template(template_name, using=using)
  File "F:\git ¿â\django_blog\new_pro\venv\lib\site-packages\django\template\loader.py", line 15, in get_template
    return engine.get_template(template_name)
  File "F:\git ¿â\django_blog\new_pro\venv\lib\site-packages\django\template\backends\django.py", line 34, in get_template
    return Template(self.engine.get_template(template_name), self)
  File "F:\git ¿â\django_blog\new_pro\venv\lib\site-packages\django\template\engine.py", line 143, in get_template
    template, origin = self.find_template(template_name)
  File "F:\git ¿â\django_blog\new_pro\venv\lib\site-packages\django\template\engine.py", line 125, in find_template
    template = loader.get_template(name, skip=skip)
  File "F:\git ¿â\django_blog\new_pro\venv\lib\site-packages\django\template\loaders\base.py", line 29, in get_template
    return Template(
  File "F:\git ¿â\django_blog\new_pro\venv\lib\site-packages\django\template\base.py", line 155, in __init__
    self.nodelist = self.compile_nodelist()
  File "F:\git ¿â\django_blog\new_pro\venv\lib\site-packages\django\template\base.py", line 193, in compile_nodelist
    return parser.parse()
  File "F:\git ¿â\django_blog\new_pro\venv\lib\site-packages\django\template\base.py", line 478, in parse
    raise self.error(token, e)
  File "F:\git ¿â\django_blog\new_pro\venv\lib\site-packages\django\template\base.py", line 476, in parse
    compiled_result = compile_func(self, token)
  File "F:\git ¿â\django_blog\new_pro\venv\lib\site-packages\django\template\defaulttags.py", line 1091, in load
    lib = find_library(parser, name)
  File "F:\git ¿â\django_blog\new_pro\venv\lib\site-packages\django\template\defaulttags.py", line 1036, in find_library
    raise TemplateSyntaxError(
django.template.exceptions.TemplateSyntaxError: 'staticfiles' is not a registered tag library. Must be one of:
admin_list
admin_modify
admin_urls
cache
i18n
l10n
log
static
tz
ERROR 2021-08-07 15:28:28,919 basehttp 161 "GET /register/ HTTP/1.1" 500 155282
ERROR 2021-08-07 15:28:29,340 log 224 Internal Server Error: /register/
Traceback (most recent call last):
  File "F:\git ¿â\django_blog\new_pro\venv\lib\site-packages\django\template\defaulttags.py", line 1034, in find_library
    return parser.libraries[name]
KeyError: 'staticfiles'

During handling of the above exception, another exception occurred:

Traceback (most recent call last):
  File "F:\git ¿â\django_blog\new_pro\venv\lib\site-packages\django\core\handlers\exception.py", line 47, in inner
    response = get_response(request)
  File "F:\git ¿â\django_blog\new_pro\venv\lib\site-packages\django\core\handlers\base.py", line 181, in _get_response
    response = wrapped_callback(request, *callback_args, **callback_kwargs)
  File "F:\git ¿â\django_blog\new_pro\venv\lib\site-packages\django\views\generic\base.py", line 70, in view
    return self.dispatch(request, *args, **kwargs)
  File "F:\git ¿â\django_blog\new_pro\venv\lib\site-packages\django\views\generic\base.py", line 98, in dispatch
    return handler(request, *args, **kwargs)
  File "F:\git ¿â\django_blog\new_pro\users\views.py", line 6, in get
    return render(request,'register.html')
  File "F:\git ¿â\django_blog\new_pro\venv\lib\site-packages\django\shortcuts.py", line 19, in render
    content = loader.render_to_string(template_name, context, request, using=using)
  File "F:\git ¿â\django_blog\new_pro\venv\lib\site-packages\django\template\loader.py", line 61, in render_to_string
    template = get_template(template_name, using=using)
  File "F:\git ¿â\django_blog\new_pro\venv\lib\site-packages\django\template\loader.py", line 15, in get_template
    return engine.get_template(template_name)
  File "F:\git ¿â\django_blog\new_pro\venv\lib\site-packages\django\template\backends\django.py", line 34, in get_template
    return Template(self.engine.get_template(template_name), self)
  File "F:\git ¿â\django_blog\new_pro\venv\lib\site-packages\django\template\engine.py", line 143, in get_template
    template, origin = self.find_template(template_name)
  File "F:\git ¿â\django_blog\new_pro\venv\lib\site-packages\django\template\engine.py", line 125, in find_template
    template = loader.get_template(name, skip=skip)
  File "F:\git ¿â\django_blog\new_pro\venv\lib\site-packages\django\template\loaders\base.py", line 29, in get_template
    return Template(
  File "F:\git ¿â\django_blog\new_pro\venv\lib\site-packages\django\template\base.py", line 155, in __init__
    self.nodelist = self.compile_nodelist()
  File "F:\git ¿â\django_blog\new_pro\venv\lib\site-packages\django\template\base.py", line 193, in compile_nodelist
    return parser.parse()
  File "F:\git ¿â\django_blog\new_pro\venv\lib\site-packages\django\template\base.py", line 478, in parse
    raise self.error(token, e)
  File "F:\git ¿â\django_blog\new_pro\venv\lib\site-packages\django\template\base.py", line 476, in parse
    compiled_result = compile_func(self, token)
  File "F:\git ¿â\django_blog\new_pro\venv\lib\site-packages\django\template\defaulttags.py", line 1091, in load
    lib = find_library(parser, name)
  File "F:\git ¿â\django_blog\new_pro\venv\lib\site-packages\django\template\defaulttags.py", line 1036, in find_library
    raise TemplateSyntaxError(
django.template.exceptions.TemplateSyntaxError: 'staticfiles' is not a registered tag library. Must be one of:
admin_list
admin_modify
admin_urls
cache
i18n
l10n
log
static
tz
ERROR 2021-08-07 15:28:29,342 basehttp 161 "GET /register/ HTTP/1.1" 500 155282
ERROR 2021-08-07 15:28:29,527 log 224 Internal Server Error: /register/
Traceback (most recent call last):
  File "F:\git ¿â\django_blog\new_pro\venv\lib\site-packages\django\template\defaulttags.py", line 1034, in find_library
    return parser.libraries[name]
KeyError: 'staticfiles'

During handling of the above exception, another exception occurred:

Traceback (most recent call last):
  File "F:\git ¿â\django_blog\new_pro\venv\lib\site-packages\django\core\handlers\exception.py", line 47, in inner
    response = get_response(request)
  File "F:\git ¿â\django_blog\new_pro\venv\lib\site-packages\django\core\handlers\base.py", line 181, in _get_response
    response = wrapped_callback(request, *callback_args, **callback_kwargs)
  File "F:\git ¿â\django_blog\new_pro\venv\lib\site-packages\django\views\generic\base.py", line 70, in view
    return self.dispatch(request, *args, **kwargs)
  File "F:\git ¿â\django_blog\new_pro\venv\lib\site-packages\django\views\generic\base.py", line 98, in dispatch
    return handler(request, *args, **kwargs)
  File "F:\git ¿â\django_blog\new_pro\users\views.py", line 6, in get
    return render(request,'register.html')
  File "F:\git ¿â\django_blog\new_pro\venv\lib\site-packages\django\shortcuts.py", line 19, in render
    content = loader.render_to_string(template_name, context, request, using=using)
  File "F:\git ¿â\django_blog\new_pro\venv\lib\site-packages\django\template\loader.py", line 61, in render_to_string
    template = get_template(template_name, using=using)
  File "F:\git ¿â\django_blog\new_pro\venv\lib\site-packages\django\template\loader.py", line 15, in get_template
    return engine.get_template(template_name)
  File "F:\git ¿â\django_blog\new_pro\venv\lib\site-packages\django\template\backends\django.py", line 34, in get_template
    return Template(self.engine.get_template(template_name), self)
  File "F:\git ¿â\django_blog\new_pro\venv\lib\site-packages\django\template\engine.py", line 143, in get_template
    template, origin = self.find_template(template_name)
  File "F:\git ¿â\django_blog\new_pro\venv\lib\site-packages\django\template\engine.py", line 125, in find_template
    template = loader.get_template(name, skip=skip)
  File "F:\git ¿â\django_blog\new_pro\venv\lib\site-packages\django\template\loaders\base.py", line 29, in get_template
    return Template(
  File "F:\git ¿â\django_blog\new_pro\venv\lib\site-packages\django\template\base.py", line 155, in __init__
    self.nodelist = self.compile_nodelist()
  File "F:\git ¿â\django_blog\new_pro\venv\lib\site-packages\django\template\base.py", line 193, in compile_nodelist
    return parser.parse()
  File "F:\git ¿â\django_blog\new_pro\venv\lib\site-packages\django\template\base.py", line 478, in parse
    raise self.error(token, e)
  File "F:\git ¿â\django_blog\new_pro\venv\lib\site-packages\django\template\base.py", line 476, in parse
    compiled_result = compile_func(self, token)
  File "F:\git ¿â\django_blog\new_pro\venv\lib\site-packages\django\template\defaulttags.py", line 1091, in load
    lib = find_library(parser, name)
  File "F:\git ¿â\django_blog\new_pro\venv\lib\site-packages\django\template\defaulttags.py", line 1036, in find_library
    raise TemplateSyntaxError(
django.template.exceptions.TemplateSyntaxError: 'staticfiles' is not a registered tag library. Must be one of:
admin_list
admin_modify
admin_urls
cache
i18n
l10n
log
static
tz
ERROR 2021-08-07 15:28:29,529 basehttp 161 "GET /register/ HTTP/1.1" 500 155282
ERROR 2021-08-07 15:28:29,714 log 224 Internal Server Error: /register/
Traceback (most recent call last):
  File "F:\git ¿â\django_blog\new_pro\venv\lib\site-packages\django\template\defaulttags.py", line 1034, in find_library
    return parser.libraries[name]
KeyError: 'staticfiles'

During handling of the above exception, another exception occurred:

Traceback (most recent call last):
  File "F:\git ¿â\django_blog\new_pro\venv\lib\site-packages\django\core\handlers\exception.py", line 47, in inner
    response = get_response(request)
  File "F:\git ¿â\django_blog\new_pro\venv\lib\site-packages\django\core\handlers\base.py", line 181, in _get_response
    response = wrapped_callback(request, *callback_args, **callback_kwargs)
  File "F:\git ¿â\django_blog\new_pro\venv\lib\site-packages\django\views\generic\base.py", line 70, in view
    return self.dispatch(request, *args, **kwargs)
  File "F:\git ¿â\django_blog\new_pro\venv\lib\site-packages\django\views\generic\base.py", line 98, in dispatch
    return handler(request, *args, **kwargs)
  File "F:\git ¿â\django_blog\new_pro\users\views.py", line 6, in get
    return render(request,'register.html')
  File "F:\git ¿â\django_blog\new_pro\venv\lib\site-packages\django\shortcuts.py", line 19, in render
    content = loader.render_to_string(template_name, context, request, using=using)
  File "F:\git ¿â\django_blog\new_pro\venv\lib\site-packages\django\template\loader.py", line 61, in render_to_string
    template = get_template(template_name, using=using)
  File "F:\git ¿â\django_blog\new_pro\venv\lib\site-packages\django\template\loader.py", line 15, in get_template
    return engine.get_template(template_name)
  File "F:\git ¿â\django_blog\new_pro\venv\lib\site-packages\django\template\backends\django.py", line 34, in get_template
    return Template(self.engine.get_template(template_name), self)
  File "F:\git ¿â\django_blog\new_pro\venv\lib\site-packages\django\template\engine.py", line 143, in get_template
    template, origin = self.find_template(template_name)
  File "F:\git ¿â\django_blog\new_pro\venv\lib\site-packages\django\template\engine.py", line 125, in find_template
    template = loader.get_template(name, skip=skip)
  File "F:\git ¿â\django_blog\new_pro\venv\lib\site-packages\django\template\loaders\base.py", line 29, in get_template
    return Template(
  File "F:\git ¿â\django_blog\new_pro\venv\lib\site-packages\django\template\base.py", line 155, in __init__
    self.nodelist = self.compile_nodelist()
  File "F:\git ¿â\django_blog\new_pro\venv\lib\site-packages\django\template\base.py", line 193, in compile_nodelist
    return parser.parse()
  File "F:\git ¿â\django_blog\new_pro\venv\lib\site-packages\django\template\base.py", line 478, in parse
    raise self.error(token, e)
  File "F:\git ¿â\django_blog\new_pro\venv\lib\site-packages\django\template\base.py", line 476, in parse
    compiled_result = compile_func(self, token)
  File "F:\git ¿â\django_blog\new_pro\venv\lib\site-packages\django\template\defaulttags.py", line 1091, in load
    lib = find_library(parser, name)
  File "F:\git ¿â\django_blog\new_pro\venv\lib\site-packages\django\template\defaulttags.py", line 1036, in find_library
    raise TemplateSyntaxError(
django.template.exceptions.TemplateSyntaxError: 'staticfiles' is not a registered tag library. Must be one of:
admin_list
admin_modify
admin_urls
cache
i18n
l10n
log
static
tz
ERROR 2021-08-07 15:28:29,717 basehttp 161 "GET /register/ HTTP/1.1" 500 155282
ERROR 2021-08-07 15:30:10,493 log 224 Internal Server Error: /register/
Traceback (most recent call last):
  File "F:\git ¿â\django_blog\new_pro\venv\lib\site-packages\django\template\defaulttags.py", line 1034, in find_library
    return parser.libraries[name]
KeyError: 'staticfiles'

During handling of the above exception, another exception occurred:

Traceback (most recent call last):
  File "F:\git ¿â\django_blog\new_pro\venv\lib\site-packages\django\core\handlers\exception.py", line 47, in inner
    response = get_response(request)
  File "F:\git ¿â\django_blog\new_pro\venv\lib\site-packages\django\core\handlers\base.py", line 181, in _get_response
    response = wrapped_callback(request, *callback_args, **callback_kwargs)
  File "F:\git ¿â\django_blog\new_pro\venv\lib\site-packages\django\views\generic\base.py", line 70, in view
    return self.dispatch(request, *args, **kwargs)
  File "F:\git ¿â\django_blog\new_pro\venv\lib\site-packages\django\views\generic\base.py", line 98, in dispatch
    return handler(request, *args, **kwargs)
  File "F:\git ¿â\django_blog\new_pro\users\views.py", line 6, in get
    return render(request,'register.html')
  File "F:\git ¿â\django_blog\new_pro\venv\lib\site-packages\django\shortcuts.py", line 19, in render
    content = loader.render_to_string(template_name, context, request, using=using)
  File "F:\git ¿â\django_blog\new_pro\venv\lib\site-packages\django\template\loader.py", line 61, in render_to_string
    template = get_template(template_name, using=using)
  File "F:\git ¿â\django_blog\new_pro\venv\lib\site-packages\django\template\loader.py", line 15, in get_template
    return engine.get_template(template_name)
  File "F:\git ¿â\django_blog\new_pro\venv\lib\site-packages\django\template\backends\django.py", line 34, in get_template
    return Template(self.engine.get_template(template_name), self)
  File "F:\git ¿â\django_blog\new_pro\venv\lib\site-packages\django\template\engine.py", line 143, in get_template
    template, origin = self.find_template(template_name)
  File "F:\git ¿â\django_blog\new_pro\venv\lib\site-packages\django\template\engine.py", line 125, in find_template
    template = loader.get_template(name, skip=skip)
  File "F:\git ¿â\django_blog\new_pro\venv\lib\site-packages\django\template\loaders\base.py", line 29, in get_template
    return Template(
  File "F:\git ¿â\django_blog\new_pro\venv\lib\site-packages\django\template\base.py", line 155, in __init__
    self.nodelist = self.compile_nodelist()
  File "F:\git ¿â\django_blog\new_pro\venv\lib\site-packages\django\template\base.py", line 193, in compile_nodelist
    return parser.parse()
  File "F:\git ¿â\django_blog\new_pro\venv\lib\site-packages\django\template\base.py", line 478, in parse
    raise self.error(token, e)
  File "F:\git ¿â\django_blog\new_pro\venv\lib\site-packages\django\template\base.py", line 476, in parse
    compiled_result = compile_func(self, token)
  File "F:\git ¿â\django_blog\new_pro\venv\lib\site-packages\django\template\defaulttags.py", line 1091, in load
    lib = find_library(parser, name)
  File "F:\git ¿â\django_blog\new_pro\venv\lib\site-packages\django\template\defaulttags.py", line 1036, in find_library
    raise TemplateSyntaxError(
django.template.exceptions.TemplateSyntaxError: 'staticfiles' is not a registered tag library. Must be one of:
admin_list
admin_modify
admin_urls
cache
i18n
l10n
log
static
tz
ERROR 2021-08-07 15:30:10,495 basehttp 161 "GET /register/ HTTP/1.1" 500 155282
ERROR 2021-08-07 15:30:52,836 log 224 Internal Server Error: /register/
Traceback (most recent call last):
  File "F:\git ¿â\django_blog\new_pro\venv\lib\site-packages\django\template\defaulttags.py", line 1034, in find_library
    return parser.libraries[name]
KeyError: 'staticfiles'

During handling of the above exception, another exception occurred:

Traceback (most recent call last):
  File "F:\git ¿â\django_blog\new_pro\venv\lib\site-packages\django\core\handlers\exception.py", line 47, in inner
    response = get_response(request)
  File "F:\git ¿â\django_blog\new_pro\venv\lib\site-packages\django\core\handlers\base.py", line 181, in _get_response
    response = wrapped_callback(request, *callback_args, **callback_kwargs)
  File "F:\git ¿â\django_blog\new_pro\venv\lib\site-packages\django\views\generic\base.py", line 70, in view
    return self.dispatch(request, *args, **kwargs)
  File "F:\git ¿â\django_blog\new_pro\venv\lib\site-packages\django\views\generic\base.py", line 98, in dispatch
    return handler(request, *args, **kwargs)
  File "F:\git ¿â\django_blog\new_pro\users\views.py", line 6, in get
    return render(request,'register.html')
  File "F:\git ¿â\django_blog\new_pro\venv\lib\site-packages\django\shortcuts.py", line 19, in render
    content = loader.render_to_string(template_name, context, request, using=using)
  File "F:\git ¿â\django_blog\new_pro\venv\lib\site-packages\django\template\loader.py", line 61, in render_to_string
    template = get_template(template_name, using=using)
  File "F:\git ¿â\django_blog\new_pro\venv\lib\site-packages\django\template\loader.py", line 15, in get_template
    return engine.get_template(template_name)
  File "F:\git ¿â\django_blog\new_pro\venv\lib\site-packages\django\template\backends\django.py", line 34, in get_template
    return Template(self.engine.get_template(template_name), self)
  File "F:\git ¿â\django_blog\new_pro\venv\lib\site-packages\django\template\engine.py", line 143, in get_template
    template, origin = self.find_template(template_name)
  File "F:\git ¿â\django_blog\new_pro\venv\lib\site-packages\django\template\engine.py", line 125, in find_template
    template = loader.get_template(name, skip=skip)
  File "F:\git ¿â\django_blog\new_pro\venv\lib\site-packages\django\template\loaders\base.py", line 29, in get_template
    return Template(
  File "F:\git ¿â\django_blog\new_pro\venv\lib\site-packages\django\template\base.py", line 155, in __init__
    self.nodelist = self.compile_nodelist()
  File "F:\git ¿â\django_blog\new_pro\venv\lib\site-packages\django\template\base.py", line 193, in compile_nodelist
    return parser.parse()
  File "F:\git ¿â\django_blog\new_pro\venv\lib\site-packages\django\template\base.py", line 478, in parse
    raise self.error(token, e)
  File "F:\git ¿â\django_blog\new_pro\venv\lib\site-packages\django\template\base.py", line 476, in parse
    compiled_result = compile_func(self, token)
  File "F:\git ¿â\django_blog\new_pro\venv\lib\site-packages\django\template\defaulttags.py", line 1091, in load
    lib = find_library(parser, name)
  File "F:\git ¿â\django_blog\new_pro\venv\lib\site-packages\django\template\defaulttags.py", line 1036, in find_library
    raise TemplateSyntaxError(
django.template.exceptions.TemplateSyntaxError: 'staticfiles' is not a registered tag library. Must be one of:
admin_list
admin_modify
admin_urls
cache
i18n
l10n
log
static
tz
ERROR 2021-08-07 15:30:52,838 basehttp 161 "GET /register/ HTTP/1.1" 500 155282
ERROR 2021-08-07 15:30:53,438 log 224 Internal Server Error: /register/
Traceback (most recent call last):
  File "F:\git ¿â\django_blog\new_pro\venv\lib\site-packages\django\template\defaulttags.py", line 1034, in find_library
    return parser.libraries[name]
KeyError: 'staticfiles'

During handling of the above exception, another exception occurred:

Traceback (most recent call last):
  File "F:\git ¿â\django_blog\new_pro\venv\lib\site-packages\django\core\handlers\exception.py", line 47, in inner
    response = get_response(request)
  File "F:\git ¿â\django_blog\new_pro\venv\lib\site-packages\django\core\handlers\base.py", line 181, in _get_response
    response = wrapped_callback(request, *callback_args, **callback_kwargs)
  File "F:\git ¿â\django_blog\new_pro\venv\lib\site-packages\django\views\generic\base.py", line 70, in view
    return self.dispatch(request, *args, **kwargs)
  File "F:\git ¿â\django_blog\new_pro\venv\lib\site-packages\django\views\generic\base.py", line 98, in dispatch
    return handler(request, *args, **kwargs)
  File "F:\git ¿â\django_blog\new_pro\users\views.py", line 6, in get
    return render(request,'register.html')
  File "F:\git ¿â\django_blog\new_pro\venv\lib\site-packages\django\shortcuts.py", line 19, in render
    content = loader.render_to_string(template_name, context, request, using=using)
  File "F:\git ¿â\django_blog\new_pro\venv\lib\site-packages\django\template\loader.py", line 61, in render_to_string
    template = get_template(template_name, using=using)
  File "F:\git ¿â\django_blog\new_pro\venv\lib\site-packages\django\template\loader.py", line 15, in get_template
    return engine.get_template(template_name)
  File "F:\git ¿â\django_blog\new_pro\venv\lib\site-packages\django\template\backends\django.py", line 34, in get_template
    return Template(self.engine.get_template(template_name), self)
  File "F:\git ¿â\django_blog\new_pro\venv\lib\site-packages\django\template\engine.py", line 143, in get_template
    template, origin = self.find_template(template_name)
  File "F:\git ¿â\django_blog\new_pro\venv\lib\site-packages\django\template\engine.py", line 125, in find_template
    template = loader.get_template(name, skip=skip)
  File "F:\git ¿â\django_blog\new_pro\venv\lib\site-packages\django\template\loaders\base.py", line 29, in get_template
    return Template(
  File "F:\git ¿â\django_blog\new_pro\venv\lib\site-packages\django\template\base.py", line 155, in __init__
    self.nodelist = self.compile_nodelist()
  File "F:\git ¿â\django_blog\new_pro\venv\lib\site-packages\django\template\base.py", line 193, in compile_nodelist
    return parser.parse()
  File "F:\git ¿â\django_blog\new_pro\venv\lib\site-packages\django\template\base.py", line 478, in parse
    raise self.error(token, e)
  File "F:\git ¿â\django_blog\new_pro\venv\lib\site-packages\django\template\base.py", line 476, in parse
    compiled_result = compile_func(self, token)
  File "F:\git ¿â\django_blog\new_pro\venv\lib\site-packages\django\template\defaulttags.py", line 1091, in load
    lib = find_library(parser, name)
  File "F:\git ¿â\django_blog\new_pro\venv\lib\site-packages\django\template\defaulttags.py", line 1036, in find_library
    raise TemplateSyntaxError(
django.template.exceptions.TemplateSyntaxError: 'staticfiles' is not a registered tag library. Must be one of:
admin_list
admin_modify
admin_urls
cache
i18n
l10n
log
static
tz
ERROR 2021-08-07 15:30:53,440 basehttp 161 "GET /register/ HTTP/1.1" 500 155282
ERROR 2021-08-07 15:30:53,751 log 224 Internal Server Error: /register/
Traceback (most recent call last):
  File "F:\git ¿â\django_blog\new_pro\venv\lib\site-packages\django\template\defaulttags.py", line 1034, in find_library
    return parser.libraries[name]
KeyError: 'staticfiles'

During handling of the above exception, another exception occurred:

Traceback (most recent call last):
  File "F:\git ¿â\django_blog\new_pro\venv\lib\site-packages\django\core\handlers\exception.py", line 47, in inner
    response = get_response(request)
  File "F:\git ¿â\django_blog\new_pro\venv\lib\site-packages\django\core\handlers\base.py", line 181, in _get_response
    response = wrapped_callback(request, *callback_args, **callback_kwargs)
  File "F:\git ¿â\django_blog\new_pro\venv\lib\site-packages\django\views\generic\base.py", line 70, in view
    return self.dispatch(request, *args, **kwargs)
  File "F:\git ¿â\django_blog\new_pro\venv\lib\site-packages\django\views\generic\base.py", line 98, in dispatch
    return handler(request, *args, **kwargs)
  File "F:\git ¿â\django_blog\new_pro\users\views.py", line 6, in get
    return render(request,'register.html')
  File "F:\git ¿â\django_blog\new_pro\venv\lib\site-packages\django\shortcuts.py", line 19, in render
    content = loader.render_to_string(template_name, context, request, using=using)
  File "F:\git ¿â\django_blog\new_pro\venv\lib\site-packages\django\template\loader.py", line 61, in render_to_string
    template = get_template(template_name, using=using)
  File "F:\git ¿â\django_blog\new_pro\venv\lib\site-packages\django\template\loader.py", line 15, in get_template
    return engine.get_template(template_name)
  File "F:\git ¿â\django_blog\new_pro\venv\lib\site-packages\django\template\backends\django.py", line 34, in get_template
    return Template(self.engine.get_template(template_name), self)
  File "F:\git ¿â\django_blog\new_pro\venv\lib\site-packages\django\template\engine.py", line 143, in get_template
    template, origin = self.find_template(template_name)
  File "F:\git ¿â\django_blog\new_pro\venv\lib\site-packages\django\template\engine.py", line 125, in find_template
    template = loader.get_template(name, skip=skip)
  File "F:\git ¿â\django_blog\new_pro\venv\lib\site-packages\django\template\loaders\base.py", line 29, in get_template
    return Template(
  File "F:\git ¿â\django_blog\new_pro\venv\lib\site-packages\django\template\base.py", line 155, in __init__
    self.nodelist = self.compile_nodelist()
  File "F:\git ¿â\django_blog\new_pro\venv\lib\site-packages\django\template\base.py", line 193, in compile_nodelist
    return parser.parse()
  File "F:\git ¿â\django_blog\new_pro\venv\lib\site-packages\django\template\base.py", line 478, in parse
    raise self.error(token, e)
  File "F:\git ¿â\django_blog\new_pro\venv\lib\site-packages\django\template\base.py", line 476, in parse
    compiled_result = compile_func(self, token)
  File "F:\git ¿â\django_blog\new_pro\venv\lib\site-packages\django\template\defaulttags.py", line 1091, in load
    lib = find_library(parser, name)
  File "F:\git ¿â\django_blog\new_pro\venv\lib\site-packages\django\template\defaulttags.py", line 1036, in find_library
    raise TemplateSyntaxError(
django.template.exceptions.TemplateSyntaxError: 'staticfiles' is not a registered tag library. Must be one of:
admin_list
admin_modify
admin_urls
cache
i18n
l10n
log
static
tz
ERROR 2021-08-07 15:30:53,753 basehttp 161 "GET /register/ HTTP/1.1" 500 155282
ERROR 2021-08-07 15:30:54,103 log 224 Internal Server Error: /register/
Traceback (most recent call last):
  File "F:\git ¿â\django_blog\new_pro\venv\lib\site-packages\django\template\defaulttags.py", line 1034, in find_library
    return parser.libraries[name]
KeyError: 'staticfiles'

During handling of the above exception, another exception occurred:

Traceback (most recent call last):
  File "F:\git ¿â\django_blog\new_pro\venv\lib\site-packages\django\core\handlers\exception.py", line 47, in inner
    response = get_response(request)
  File "F:\git ¿â\django_blog\new_pro\venv\lib\site-packages\django\core\handlers\base.py", line 181, in _get_response
    response = wrapped_callback(request, *callback_args, **callback_kwargs)
  File "F:\git ¿â\django_blog\new_pro\venv\lib\site-packages\django\views\generic\base.py", line 70, in view
    return self.dispatch(request, *args, **kwargs)
  File "F:\git ¿â\django_blog\new_pro\venv\lib\site-packages\django\views\generic\base.py", line 98, in dispatch
    return handler(request, *args, **kwargs)
  File "F:\git ¿â\django_blog\new_pro\users\views.py", line 6, in get
    return render(request,'register.html')
  File "F:\git ¿â\django_blog\new_pro\venv\lib\site-packages\django\shortcuts.py", line 19, in render
    content = loader.render_to_string(template_name, context, request, using=using)
  File "F:\git ¿â\django_blog\new_pro\venv\lib\site-packages\django\template\loader.py", line 61, in render_to_string
    template = get_template(template_name, using=using)
  File "F:\git ¿â\django_blog\new_pro\venv\lib\site-packages\django\template\loader.py", line 15, in get_template
    return engine.get_template(template_name)
  File "F:\git ¿â\django_blog\new_pro\venv\lib\site-packages\django\template\backends\django.py", line 34, in get_template
    return Template(self.engine.get_template(template_name), self)
  File "F:\git ¿â\django_blog\new_pro\venv\lib\site-packages\django\template\engine.py", line 143, in get_template
    template, origin = self.find_template(template_name)
  File "F:\git ¿â\django_blog\new_pro\venv\lib\site-packages\django\template\engine.py", line 125, in find_template
    template = loader.get_template(name, skip=skip)
  File "F:\git ¿â\django_blog\new_pro\venv\lib\site-packages\django\template\loaders\base.py", line 29, in get_template
    return Template(
  File "F:\git ¿â\django_blog\new_pro\venv\lib\site-packages\django\template\base.py", line 155, in __init__
    self.nodelist = self.compile_nodelist()
  File "F:\git ¿â\django_blog\new_pro\venv\lib\site-packages\django\template\base.py", line 193, in compile_nodelist
    return parser.parse()
  File "F:\git ¿â\django_blog\new_pro\venv\lib\site-packages\django\template\base.py", line 478, in parse
    raise self.error(token, e)
  File "F:\git ¿â\django_blog\new_pro\venv\lib\site-packages\django\template\base.py", line 476, in parse
    compiled_result = compile_func(self, token)
  File "F:\git ¿â\django_blog\new_pro\venv\lib\site-packages\django\template\defaulttags.py", line 1091, in load
    lib = find_library(parser, name)
  File "F:\git ¿â\django_blog\new_pro\venv\lib\site-packages\django\template\defaulttags.py", line 1036, in find_library
    raise TemplateSyntaxError(
django.template.exceptions.TemplateSyntaxError: 'staticfiles' is not a registered tag library. Must be one of:
admin_list
admin_modify
admin_urls
cache
i18n
l10n
log
static
tz
ERROR 2021-08-07 15:30:54,105 basehttp 161 "GET /register/ HTTP/1.1" 500 155282
ERROR 2021-08-07 15:30:54,351 log 224 Internal Server Error: /register/
Traceback (most recent call last):
  File "F:\git ¿â\django_blog\new_pro\venv\lib\site-packages\django\template\defaulttags.py", line 1034, in find_library
    return parser.libraries[name]
KeyError: 'staticfiles'

During handling of the above exception, another exception occurred:

Traceback (most recent call last):
  File "F:\git ¿â\django_blog\new_pro\venv\lib\site-packages\django\core\handlers\exception.py", line 47, in inner
    response = get_response(request)
  File "F:\git ¿â\django_blog\new_pro\venv\lib\site-packages\django\core\handlers\base.py", line 181, in _get_response
    response = wrapped_callback(request, *callback_args, **callback_kwargs)
  File "F:\git ¿â\django_blog\new_pro\venv\lib\site-packages\django\views\generic\base.py", line 70, in view
    return self.dispatch(request, *args, **kwargs)
  File "F:\git ¿â\django_blog\new_pro\venv\lib\site-packages\django\views\generic\base.py", line 98, in dispatch
    return handler(request, *args, **kwargs)
  File "F:\git ¿â\django_blog\new_pro\users\views.py", line 6, in get
    return render(request,'register.html')
  File "F:\git ¿â\django_blog\new_pro\venv\lib\site-packages\django\shortcuts.py", line 19, in render
    content = loader.render_to_string(template_name, context, request, using=using)
  File "F:\git ¿â\django_blog\new_pro\venv\lib\site-packages\django\template\loader.py", line 61, in render_to_string
    template = get_template(template_name, using=using)
  File "F:\git ¿â\django_blog\new_pro\venv\lib\site-packages\django\template\loader.py", line 15, in get_template
    return engine.get_template(template_name)
  File "F:\git ¿â\django_blog\new_pro\venv\lib\site-packages\django\template\backends\django.py", line 34, in get_template
    return Template(self.engine.get_template(template_name), self)
  File "F:\git ¿â\django_blog\new_pro\venv\lib\site-packages\django\template\engine.py", line 143, in get_template
    template, origin = self.find_template(template_name)
  File "F:\git ¿â\django_blog\new_pro\venv\lib\site-packages\django\template\engine.py", line 125, in find_template
    template = loader.get_template(name, skip=skip)
  File "F:\git ¿â\django_blog\new_pro\venv\lib\site-packages\django\template\loaders\base.py", line 29, in get_template
    return Template(
  File "F:\git ¿â\django_blog\new_pro\venv\lib\site-packages\django\template\base.py", line 155, in __init__
    self.nodelist = self.compile_nodelist()
  File "F:\git ¿â\django_blog\new_pro\venv\lib\site-packages\django\template\base.py", line 193, in compile_nodelist
    return parser.parse()
  File "F:\git ¿â\django_blog\new_pro\venv\lib\site-packages\django\template\base.py", line 478, in parse
    raise self.error(token, e)
  File "F:\git ¿â\django_blog\new_pro\venv\lib\site-packages\django\template\base.py", line 476, in parse
    compiled_result = compile_func(self, token)
  File "F:\git ¿â\django_blog\new_pro\venv\lib\site-packages\django\template\defaulttags.py", line 1091, in load
    lib = find_library(parser, name)
  File "F:\git ¿â\django_blog\new_pro\venv\lib\site-packages\django\template\defaulttags.py", line 1036, in find_library
    raise TemplateSyntaxError(
django.template.exceptions.TemplateSyntaxError: 'staticfiles' is not a registered tag library. Must be one of:
admin_list
admin_modify
admin_urls
cache
i18n
l10n
log
static
tz
ERROR 2021-08-07 15:30:54,353 basehttp 161 "GET /register/ HTTP/1.1" 500 155282
ERROR 2021-08-07 15:30:56,580 log 224 Internal Server Error: /register/
Traceback (most recent call last):
  File "F:\git ¿â\django_blog\new_pro\venv\lib\site-packages\django\template\defaulttags.py", line 1034, in find_library
    return parser.libraries[name]
KeyError: 'staticfiles'

During handling of the above exception, another exception occurred:

Traceback (most recent call last):
  File "F:\git ¿â\django_blog\new_pro\venv\lib\site-packages\django\core\handlers\exception.py", line 47, in inner
    response = get_response(request)
  File "F:\git ¿â\django_blog\new_pro\venv\lib\site-packages\django\core\handlers\base.py", line 181, in _get_response
    response = wrapped_callback(request, *callback_args, **callback_kwargs)
  File "F:\git ¿â\django_blog\new_pro\venv\lib\site-packages\django\views\generic\base.py", line 70, in view
    return self.dispatch(request, *args, **kwargs)
  File "F:\git ¿â\django_blog\new_pro\venv\lib\site-packages\django\views\generic\base.py", line 98, in dispatch
    return handler(request, *args, **kwargs)
  File "F:\git ¿â\django_blog\new_pro\users\views.py", line 6, in get
    return render(request,'register.html')
  File "F:\git ¿â\django_blog\new_pro\venv\lib\site-packages\django\shortcuts.py", line 19, in render
    content = loader.render_to_string(template_name, context, request, using=using)
  File "F:\git ¿â\django_blog\new_pro\venv\lib\site-packages\django\template\loader.py", line 61, in render_to_string
    template = get_template(template_name, using=using)
  File "F:\git ¿â\django_blog\new_pro\venv\lib\site-packages\django\template\loader.py", line 15, in get_template
    return engine.get_template(template_name)
  File "F:\git ¿â\django_blog\new_pro\venv\lib\site-packages\django\template\backends\django.py", line 34, in get_template
    return Template(self.engine.get_template(template_name), self)
  File "F:\git ¿â\django_blog\new_pro\venv\lib\site-packages\django\template\engine.py", line 143, in get_template
    template, origin = self.find_template(template_name)
  File "F:\git ¿â\django_blog\new_pro\venv\lib\site-packages\django\template\engine.py", line 125, in find_template
    template = loader.get_template(name, skip=skip)
  File "F:\git ¿â\django_blog\new_pro\venv\lib\site-packages\django\template\loaders\base.py", line 29, in get_template
    return Template(
  File "F:\git ¿â\django_blog\new_pro\venv\lib\site-packages\django\template\base.py", line 155, in __init__
    self.nodelist = self.compile_nodelist()
  File "F:\git ¿â\django_blog\new_pro\venv\lib\site-packages\django\template\base.py", line 193, in compile_nodelist
    return parser.parse()
  File "F:\git ¿â\django_blog\new_pro\venv\lib\site-packages\django\template\base.py", line 478, in parse
    raise self.error(token, e)
  File "F:\git ¿â\django_blog\new_pro\venv\lib\site-packages\django\template\base.py", line 476, in parse
    compiled_result = compile_func(self, token)
  File "F:\git ¿â\django_blog\new_pro\venv\lib\site-packages\django\template\defaulttags.py", line 1091, in load
    lib = find_library(parser, name)
  File "F:\git ¿â\django_blog\new_pro\venv\lib\site-packages\django\template\defaulttags.py", line 1036, in find_library
    raise TemplateSyntaxError(
django.template.exceptions.TemplateSyntaxError: 'staticfiles' is not a registered tag library. Must be one of:
admin_list
admin_modify
admin_urls
cache
i18n
l10n
log
static
tz
ERROR 2021-08-07 15:30:56,582 basehttp 161 "GET /register/ HTTP/1.1" 500 155282
INFO 2021-08-07 15:31:25,284 basehttp 161 "GET /register/ HTTP/1.1" 200 5210
WARNING 2021-08-07 15:31:25,383 basehttp 161 "GET /static/js/register.js%7D HTTP/1.1" 404 1806
WARNING 2021-08-07 15:31:25,390 basehttp 161 "GET /static/img/image_code.png%7D HTTP/1.1" 404 1818
WARNING 2021-08-07 15:31:25,441 basehttp 161 "GET /static/js/register.js%7D HTTP/1.1" 404 1806
INFO 2021-08-07 15:31:36,396 basehttp 161 "GET /register/ HTTP/1.1" 200 5210
WARNING 2021-08-07 15:31:36,426 basehttp 161 "GET /static/img/image_code.png%7D HTTP/1.1" 404 1818
WARNING 2021-08-07 15:31:36,480 basehttp 161 "GET /static/js/register.js%7D HTTP/1.1" 404 1806
INFO 2021-08-07 15:31:36,882 basehttp 161 "GET /register/ HTTP/1.1" 200 5210
WARNING 2021-08-07 15:31:36,907 basehttp 161 "GET /static/img/image_code.png%7D HTTP/1.1" 404 1818
WARNING 2021-08-07 15:31:36,916 basehttp 161 "GET /static/js/register.js%7D HTTP/1.1" 404 1806
INFO 2021-08-07 15:31:37,011 basehttp 161 "GET /register/ HTTP/1.1" 200 5210
WARNING 2021-08-07 15:31:37,035 basehttp 161 "GET /static/img/image_code.png%7D HTTP/1.1" 404 1818
WARNING 2021-08-07 15:31:37,045 basehttp 161 "GET /static/js/register.js%7D HTTP/1.1" 404 1806
INFO 2021-08-07 15:32:34,168 basehttp 161 "GET /register/ HTTP/1.1" 200 5210
WARNING 2021-08-07 15:32:34,200 basehttp 161 "GET /static/img/image_code.png%7D HTTP/1.1" 404 1818
WARNING 2021-08-07 15:32:34,207 basehttp 161 "GET /static/js/register.js%7D HTTP/1.1" 404 1806
INFO 2021-08-07 15:32:34,813 basehttp 161 "GET /register/ HTTP/1.1" 200 5210
WARNING 2021-08-07 15:32:34,842 basehttp 161 "GET /static/img/image_code.png%7D HTTP/1.1" 404 1818
WARNING 2021-08-07 15:32:34,856 basehttp 161 "GET /static/js/register.js%7D HTTP/1.1" 404 1806
WARNING 2021-08-07 15:33:28,201 log 224 Not Found: /
WARNING 2021-08-07 15:33:28,203 basehttp 161 "GET / HTTP/1.1" 404 2233
INFO 2021-08-07 15:33:40,237 basehttp 161 "GET /register/ HTTP/1.1" 200 5210
WARNING 2021-08-07 15:33:40,320 basehttp 161 "GET /static/img/image_code.png%7D HTTP/1.1" 404 1818
WARNING 2021-08-07 15:33:40,321 basehttp 161 "GET /static/js/register.js%7D HTTP/1.1" 404 1806
WARNING 2021-08-07 15:33:40,373 basehttp 161 "GET /static/js/register.js%7D HTTP/1.1" 404 1806
ERROR 2021-08-07 15:34:02,234 log 224 Internal Server Error: /register/
Traceback (most recent call last):
  File "F:\git ¿â\django_blog\new_pro\venv\lib\site-packages\django\template\defaulttags.py", line 1034, in find_library
    return parser.libraries[name]
KeyError: 'staticfiles'

During handling of the above exception, another exception occurred:

Traceback (most recent call last):
  File "F:\git ¿â\django_blog\new_pro\venv\lib\site-packages\django\core\handlers\exception.py", line 47, in inner
    response = get_response(request)
  File "F:\git ¿â\django_blog\new_pro\venv\lib\site-packages\django\core\handlers\base.py", line 181, in _get_response
    response = wrapped_callback(request, *callback_args, **callback_kwargs)
  File "F:\git ¿â\django_blog\new_pro\venv\lib\site-packages\django\views\generic\base.py", line 70, in view
    return self.dispatch(request, *args, **kwargs)
  File "F:\git ¿â\django_blog\new_pro\venv\lib\site-packages\django\views\generic\base.py", line 98, in dispatch
    return handler(request, *args, **kwargs)
  File "F:\git ¿â\django_blog\new_pro\users\views.py", line 6, in get
    return render(request,'register.html')
  File "F:\git ¿â\django_blog\new_pro\venv\lib\site-packages\django\shortcuts.py", line 19, in render
    content = loader.render_to_string(template_name, context, request, using=using)
  File "F:\git ¿â\django_blog\new_pro\venv\lib\site-packages\django\template\loader.py", line 61, in render_to_string
    template = get_template(template_name, using=using)
  File "F:\git ¿â\django_blog\new_pro\venv\lib\site-packages\django\template\loader.py", line 15, in get_template
    return engine.get_template(template_name)
  File "F:\git ¿â\django_blog\new_pro\venv\lib\site-packages\django\template\backends\django.py", line 34, in get_template
    return Template(self.engine.get_template(template_name), self)
  File "F:\git ¿â\django_blog\new_pro\venv\lib\site-packages\django\template\engine.py", line 143, in get_template
    template, origin = self.find_template(template_name)
  File "F:\git ¿â\django_blog\new_pro\venv\lib\site-packages\django\template\engine.py", line 125, in find_template
    template = loader.get_template(name, skip=skip)
  File "F:\git ¿â\django_blog\new_pro\venv\lib\site-packages\django\template\loaders\base.py", line 29, in get_template
    return Template(
  File "F:\git ¿â\django_blog\new_pro\venv\lib\site-packages\django\template\base.py", line 155, in __init__
    self.nodelist = self.compile_nodelist()
  File "F:\git ¿â\django_blog\new_pro\venv\lib\site-packages\django\template\base.py", line 193, in compile_nodelist
    return parser.parse()
  File "F:\git ¿â\django_blog\new_pro\venv\lib\site-packages\django\template\base.py", line 478, in parse
    raise self.error(token, e)
  File "F:\git ¿â\django_blog\new_pro\venv\lib\site-packages\django\template\base.py", line 476, in parse
    compiled_result = compile_func(self, token)
  File "F:\git ¿â\django_blog\new_pro\venv\lib\site-packages\django\template\defaulttags.py", line 1091, in load
    lib = find_library(parser, name)
  File "F:\git ¿â\django_blog\new_pro\venv\lib\site-packages\django\template\defaulttags.py", line 1036, in find_library
    raise TemplateSyntaxError(
django.template.exceptions.TemplateSyntaxError: 'staticfiles' is not a registered tag library. Must be one of:
admin_list
admin_modify
admin_urls
cache
i18n
l10n
log
static
tz
ERROR 2021-08-07 15:34:02,236 basehttp 161 "GET /register/ HTTP/1.1" 500 155282
ERROR 2021-08-07 15:34:03,145 log 224 Internal Server Error: /register/
Traceback (most recent call last):
  File "F:\git ¿â\django_blog\new_pro\venv\lib\site-packages\django\template\defaulttags.py", line 1034, in find_library
    return parser.libraries[name]
KeyError: 'staticfiles'

During handling of the above exception, another exception occurred:

Traceback (most recent call last):
  File "F:\git ¿â\django_blog\new_pro\venv\lib\site-packages\django\core\handlers\exception.py", line 47, in inner
    response = get_response(request)
  File "F:\git ¿â\django_blog\new_pro\venv\lib\site-packages\django\core\handlers\base.py", line 181, in _get_response
    response = wrapped_callback(request, *callback_args, **callback_kwargs)
  File "F:\git ¿â\django_blog\new_pro\venv\lib\site-packages\django\views\generic\base.py", line 70, in view
    return self.dispatch(request, *args, **kwargs)
  File "F:\git ¿â\django_blog\new_pro\venv\lib\site-packages\django\views\generic\base.py", line 98, in dispatch
    return handler(request, *args, **kwargs)
  File "F:\git ¿â\django_blog\new_pro\users\views.py", line 6, in get
    return render(request,'register.html')
  File "F:\git ¿â\django_blog\new_pro\venv\lib\site-packages\django\shortcuts.py", line 19, in render
    content = loader.render_to_string(template_name, context, request, using=using)
  File "F:\git ¿â\django_blog\new_pro\venv\lib\site-packages\django\template\loader.py", line 61, in render_to_string
    template = get_template(template_name, using=using)
  File "F:\git ¿â\django_blog\new_pro\venv\lib\site-packages\django\template\loader.py", line 15, in get_template
    return engine.get_template(template_name)
  File "F:\git ¿â\django_blog\new_pro\venv\lib\site-packages\django\template\backends\django.py", line 34, in get_template
    return Template(self.engine.get_template(template_name), self)
  File "F:\git ¿â\django_blog\new_pro\venv\lib\site-packages\django\template\engine.py", line 143, in get_template
    template, origin = self.find_template(template_name)
  File "F:\git ¿â\django_blog\new_pro\venv\lib\site-packages\django\template\engine.py", line 125, in find_template
    template = loader.get_template(name, skip=skip)
  File "F:\git ¿â\django_blog\new_pro\venv\lib\site-packages\django\template\loaders\base.py", line 29, in get_template
    return Template(
  File "F:\git ¿â\django_blog\new_pro\venv\lib\site-packages\django\template\base.py", line 155, in __init__
    self.nodelist = self.compile_nodelist()
  File "F:\git ¿â\django_blog\new_pro\venv\lib\site-packages\django\template\base.py", line 193, in compile_nodelist
    return parser.parse()
  File "F:\git ¿â\django_blog\new_pro\venv\lib\site-packages\django\template\base.py", line 478, in parse
    raise self.error(token, e)
  File "F:\git ¿â\django_blog\new_pro\venv\lib\site-packages\django\template\base.py", line 476, in parse
    compiled_result = compile_func(self, token)
  File "F:\git ¿â\django_blog\new_pro\venv\lib\site-packages\django\template\defaulttags.py", line 1091, in load
    lib = find_library(parser, name)
  File "F:\git ¿â\django_blog\new_pro\venv\lib\site-packages\django\template\defaulttags.py", line 1036, in find_library
    raise TemplateSyntaxError(
django.template.exceptions.TemplateSyntaxError: 'staticfiles' is not a registered tag library. Must be one of:
admin_list
admin_modify
admin_urls
cache
i18n
l10n
log
static
tz
ERROR 2021-08-07 15:34:03,147 basehttp 161 "GET /register/ HTTP/1.1" 500 155282
INFO 2021-08-07 15:34:11,094 basehttp 161 "GET /register/ HTTP/1.1" 200 5210
WARNING 2021-08-07 15:34:11,165 basehttp 161 "GET /static/img/image_code.png%7D HTTP/1.1" 404 1818
WARNING 2021-08-07 15:34:11,167 basehttp 161 "GET /static/js/register.js%7D HTTP/1.1" 404 1806
INFO 2021-08-07 15:38:52,197 autoreload 251 F:\git ¿â\django_blog\new_pro\new_pro\settings.py changed, reloading.
INFO 2021-08-07 15:38:54,012 autoreload 637 Watching for file changes with StatReloader
ERROR 2021-08-07 15:40:23,121 log 224 Internal Server Error: /register/
Traceback (most recent call last):
  File "F:\git ¿â\django_blog\new_pro\venv\lib\site-packages\django\template\defaulttags.py", line 1034, in find_library
    return parser.libraries[name]
KeyError: 'staticfiles'

During handling of the above exception, another exception occurred:

Traceback (most recent call last):
  File "F:\git ¿â\django_blog\new_pro\venv\lib\site-packages\django\core\handlers\exception.py", line 47, in inner
    response = get_response(request)
  File "F:\git ¿â\django_blog\new_pro\venv\lib\site-packages\django\core\handlers\base.py", line 181, in _get_response
    response = wrapped_callback(request, *callback_args, **callback_kwargs)
  File "F:\git ¿â\django_blog\new_pro\venv\lib\site-packages\django\views\generic\base.py", line 70, in view
    return self.dispatch(request, *args, **kwargs)
  File "F:\git ¿â\django_blog\new_pro\venv\lib\site-packages\django\views\generic\base.py", line 98, in dispatch
    return handler(request, *args, **kwargs)
  File "F:\git ¿â\django_blog\new_pro\users\views.py", line 6, in get
    return render(request,'register.html')
  File "F:\git ¿â\django_blog\new_pro\venv\lib\site-packages\django\shortcuts.py", line 19, in render
    content = loader.render_to_string(template_name, context, request, using=using)
  File "F:\git ¿â\django_blog\new_pro\venv\lib\site-packages\django\template\loader.py", line 61, in render_to_string
    template = get_template(template_name, using=using)
  File "F:\git ¿â\django_blog\new_pro\venv\lib\site-packages\django\template\loader.py", line 15, in get_template
    return engine.get_template(template_name)
  File "F:\git ¿â\django_blog\new_pro\venv\lib\site-packages\django\template\backends\django.py", line 34, in get_template
    return Template(self.engine.get_template(template_name), self)
  File "F:\git ¿â\django_blog\new_pro\venv\lib\site-packages\django\template\engine.py", line 143, in get_template
    template, origin = self.find_template(template_name)
  File "F:\git ¿â\django_blog\new_pro\venv\lib\site-packages\django\template\engine.py", line 125, in find_template
    template = loader.get_template(name, skip=skip)
  File "F:\git ¿â\django_blog\new_pro\venv\lib\site-packages\django\template\loaders\base.py", line 29, in get_template
    return Template(
  File "F:\git ¿â\django_blog\new_pro\venv\lib\site-packages\django\template\base.py", line 155, in __init__
    self.nodelist = self.compile_nodelist()
  File "F:\git ¿â\django_blog\new_pro\venv\lib\site-packages\django\template\base.py", line 193, in compile_nodelist
    return parser.parse()
  File "F:\git ¿â\django_blog\new_pro\venv\lib\site-packages\django\template\base.py", line 478, in parse
    raise self.error(token, e)
  File "F:\git ¿â\django_blog\new_pro\venv\lib\site-packages\django\template\base.py", line 476, in parse
    compiled_result = compile_func(self, token)
  File "F:\git ¿â\django_blog\new_pro\venv\lib\site-packages\django\template\defaulttags.py", line 1091, in load
    lib = find_library(parser, name)
  File "F:\git ¿â\django_blog\new_pro\venv\lib\site-packages\django\template\defaulttags.py", line 1036, in find_library
    raise TemplateSyntaxError(
django.template.exceptions.TemplateSyntaxError: 'staticfiles' is not a registered tag library. Must be one of:
admin_list
admin_modify
admin_urls
cache
i18n
l10n
log
static
tz
ERROR 2021-08-07 15:40:23,141 log 224 Internal Server Error: /register/
Traceback (most recent call last):
  File "F:\git ¿â\django_blog\new_pro\venv\lib\site-packages\django\template\defaulttags.py", line 1034, in find_library
    return parser.libraries[name]
KeyError: 'staticfiles'

During handling of the above exception, another exception occurred:

Traceback (most recent call last):
  File "F:\git ¿â\django_blog\new_pro\venv\lib\site-packages\django\core\handlers\exception.py", line 47, in inner
    response = get_response(request)
  File "F:\git ¿â\django_blog\new_pro\venv\lib\site-packages\django\core\handlers\base.py", line 181, in _get_response
    response = wrapped_callback(request, *callback_args, **callback_kwargs)
  File "F:\git ¿â\django_blog\new_pro\venv\lib\site-packages\django\views\generic\base.py", line 70, in view
    return self.dispatch(request, *args, **kwargs)
  File "F:\git ¿â\django_blog\new_pro\venv\lib\site-packages\django\views\generic\base.py", line 98, in dispatch
    return handler(request, *args, **kwargs)
  File "F:\git ¿â\django_blog\new_pro\users\views.py", line 6, in get
    return render(request,'register.html')
  File "F:\git ¿â\django_blog\new_pro\venv\lib\site-packages\django\shortcuts.py", line 19, in render
    content = loader.render_to_string(template_name, context, request, using=using)
  File "F:\git ¿â\django_blog\new_pro\venv\lib\site-packages\django\template\loader.py", line 61, in render_to_string
    template = get_template(template_name, using=using)
  File "F:\git ¿â\django_blog\new_pro\venv\lib\site-packages\django\template\loader.py", line 15, in get_template
    return engine.get_template(template_name)
  File "F:\git ¿â\django_blog\new_pro\venv\lib\site-packages\django\template\backends\django.py", line 34, in get_template
    return Template(self.engine.get_template(template_name), self)
  File "F:\git ¿â\django_blog\new_pro\venv\lib\site-packages\django\template\engine.py", line 143, in get_template
    template, origin = self.find_template(template_name)
  File "F:\git ¿â\django_blog\new_pro\venv\lib\site-packages\django\template\engine.py", line 125, in find_template
    template = loader.get_template(name, skip=skip)
  File "F:\git ¿â\django_blog\new_pro\venv\lib\site-packages\django\template\loaders\base.py", line 29, in get_template
    return Template(
  File "F:\git ¿â\django_blog\new_pro\venv\lib\site-packages\django\template\base.py", line 155, in __init__
    self.nodelist = self.compile_nodelist()
  File "F:\git ¿â\django_blog\new_pro\venv\lib\site-packages\django\template\base.py", line 193, in compile_nodelist
    return parser.parse()
  File "F:\git ¿â\django_blog\new_pro\venv\lib\site-packages\django\template\base.py", line 478, in parse
    raise self.error(token, e)
  File "F:\git ¿â\django_blog\new_pro\venv\lib\site-packages\django\template\base.py", line 476, in parse
    compiled_result = compile_func(self, token)
  File "F:\git ¿â\django_blog\new_pro\venv\lib\site-packages\django\template\defaulttags.py", line 1091, in load
    lib = find_library(parser, name)
  File "F:\git ¿â\django_blog\new_pro\venv\lib\site-packages\django\template\defaulttags.py", line 1036, in find_library
    raise TemplateSyntaxError(
django.template.exceptions.TemplateSyntaxError: 'staticfiles' is not a registered tag library. Must be one of:
admin_list
admin_modify
admin_urls
cache
i18n
l10n
log
static
tz
ERROR 2021-08-07 15:40:23,147 basehttp 161 "GET /register/ HTTP/1.1" 500 156063
INFO 2021-08-07 15:40:23,155 basehttp 75 - Broken pipe from ('127.0.0.1', 6558)

INFO 2021-08-07 15:40:45,025 autoreload 637 Watching for file changes with StatReloader
WARNING 2021-08-07 15:40:46,608 log 224 Not Found: /
WARNING 2021-08-07 15:40:46,608 basehttp 161 "GET / HTTP/1.1" 404 2233
ERROR 2021-08-07 15:40:58,621 log 224 Internal Server Error: /register/
Traceback (most recent call last):
  File "F:\git ¿â\django_blog\new_pro\venv\lib\site-packages\django\template\defaulttags.py", line 1034, in find_library
    return parser.libraries[name]
KeyError: 'staticfiles'

During handling of the above exception, another exception occurred:

Traceback (most recent call last):
  File "F:\git ¿â\django_blog\new_pro\venv\lib\site-packages\django\core\handlers\exception.py", line 47, in inner
    response = get_response(request)
  File "F:\git ¿â\django_blog\new_pro\venv\lib\site-packages\django\core\handlers\base.py", line 181, in _get_response
    response = wrapped_callback(request, *callback_args, **callback_kwargs)
  File "F:\git ¿â\django_blog\new_pro\venv\lib\site-packages\django\views\generic\base.py", line 70, in view
    return self.dispatch(request, *args, **kwargs)
  File "F:\git ¿â\django_blog\new_pro\venv\lib\site-packages\django\views\generic\base.py", line 98, in dispatch
    return handler(request, *args, **kwargs)
  File "F:\git ¿â\django_blog\new_pro\users\views.py", line 6, in get
    return render(request,'register.html')
  File "F:\git ¿â\django_blog\new_pro\venv\lib\site-packages\django\shortcuts.py", line 19, in render
    content = loader.render_to_string(template_name, context, request, using=using)
  File "F:\git ¿â\django_blog\new_pro\venv\lib\site-packages\django\template\loader.py", line 61, in render_to_string
    template = get_template(template_name, using=using)
  File "F:\git ¿â\django_blog\new_pro\venv\lib\site-packages\django\template\loader.py", line 15, in get_template
    return engine.get_template(template_name)
  File "F:\git ¿â\django_blog\new_pro\venv\lib\site-packages\django\template\backends\django.py", line 34, in get_template
    return Template(self.engine.get_template(template_name), self)
  File "F:\git ¿â\django_blog\new_pro\venv\lib\site-packages\django\template\engine.py", line 143, in get_template
    template, origin = self.find_template(template_name)
  File "F:\git ¿â\django_blog\new_pro\venv\lib\site-packages\django\template\engine.py", line 125, in find_template
    template = loader.get_template(name, skip=skip)
  File "F:\git ¿â\django_blog\new_pro\venv\lib\site-packages\django\template\loaders\base.py", line 29, in get_template
    return Template(
  File "F:\git ¿â\django_blog\new_pro\venv\lib\site-packages\django\template\base.py", line 155, in __init__
    self.nodelist = self.compile_nodelist()
  File "F:\git ¿â\django_blog\new_pro\venv\lib\site-packages\django\template\base.py", line 193, in compile_nodelist
    return parser.parse()
  File "F:\git ¿â\django_blog\new_pro\venv\lib\site-packages\django\template\base.py", line 478, in parse
    raise self.error(token, e)
  File "F:\git ¿â\django_blog\new_pro\venv\lib\site-packages\django\template\base.py", line 476, in parse
    compiled_result = compile_func(self, token)
  File "F:\git ¿â\django_blog\new_pro\venv\lib\site-packages\django\template\defaulttags.py", line 1091, in load
    lib = find_library(parser, name)
  File "F:\git ¿â\django_blog\new_pro\venv\lib\site-packages\django\template\defaulttags.py", line 1036, in find_library
    raise TemplateSyntaxError(
django.template.exceptions.TemplateSyntaxError: 'staticfiles' is not a registered tag library. Must be one of:
admin_list
admin_modify
admin_urls
cache
i18n
l10n
log
static
tz
ERROR 2021-08-07 15:40:58,624 basehttp 161 "GET /register/ HTTP/1.1" 500 155925
INFO 2021-08-07 15:41:12,585 basehttp 161 "GET /register/ HTTP/1.1" 200 5211
WARNING 2021-08-07 15:41:12,678 basehttp 161 "GET /static/js/register.js%7D HTTP/1.1" 404 1806
WARNING 2021-08-07 15:41:12,679 basehttp 161 "GET /static/img/image_code.png%7D HTTP/1.1" 404 1818
WARNING 2021-08-07 15:41:12,715 basehttp 161 "GET /static/js/register.js%7D HTTP/1.1" 404 1806
INFO 2021-08-07 15:45:20,839 basehttp 161 "GET /register/ HTTP/1.1" 200 5211
WARNING 2021-08-07 15:45:20,869 basehttp 161 "GET /static/img/image_code.png%7D HTTP/1.1" 404 1818
WARNING 2021-08-07 15:45:20,923 basehttp 161 "GET /static/js/register.js%7D HTTP/1.1" 404 1806
INFO 2021-08-07 15:45:21,295 basehttp 161 "GET /register/ HTTP/1.1" 200 5211
WARNING 2021-08-07 15:45:21,318 basehttp 161 "GET /static/img/image_code.png%7D HTTP/1.1" 404 1818
WARNING 2021-08-07 15:45:21,340 basehttp 161 "GET /static/js/register.js%7D HTTP/1.1" 404 1806
INFO 2021-08-07 15:45:21,759 basehttp 161 "GET /register/ HTTP/1.1" 200 5211
WARNING 2021-08-07 15:45:21,782 basehttp 161 "GET /static/img/image_code.png%7D HTTP/1.1" 404 1818
WARNING 2021-08-07 15:45:21,816 basehttp 161 "GET /static/js/register.js%7D HTTP/1.1" 404 1806
INFO 2021-08-07 15:45:21,894 basehttp 161 "GET /register/ HTTP/1.1" 200 5211
WARNING 2021-08-07 15:45:21,919 basehttp 161 "GET /static/img/image_code.png%7D HTTP/1.1" 404 1818
WARNING 2021-08-07 15:45:21,928 basehttp 161 "GET /static/js/register.js%7D HTTP/1.1" 404 1806
INFO 2021-08-07 15:45:22,068 basehttp 161 "GET /register/ HTTP/1.1" 200 5211
WARNING 2021-08-07 15:45:22,092 basehttp 161 "GET /static/img/image_code.png%7D HTTP/1.1" 404 1818
WARNING 2021-08-07 15:45:22,102 basehttp 161 "GET /static/js/register.js%7D HTTP/1.1" 404 1806
INFO 2021-08-07 15:45:22,272 basehttp 161 "GET /register/ HTTP/1.1" 200 5211
WARNING 2021-08-07 15:45:22,295 basehttp 161 "GET /static/img/image_code.png%7D HTTP/1.1" 404 1818
WARNING 2021-08-07 15:45:22,320 basehttp 161 "GET /static/js/register.js%7D HTTP/1.1" 404 1806
INFO 2021-08-07 15:45:22,406 basehttp 161 "GET /register/ HTTP/1.1" 200 5211
WARNING 2021-08-07 15:45:22,429 basehttp 161 "GET /static/img/image_code.png%7D HTTP/1.1" 404 1818
WARNING 2021-08-07 15:45:22,441 basehttp 161 "GET /static/js/register.js%7D HTTP/1.1" 404 1806
INFO 2021-08-07 15:45:22,578 basehttp 161 "GET /register/ HTTP/1.1" 200 5211
WARNING 2021-08-07 15:45:22,602 basehttp 161 "GET /static/img/image_code.png%7D HTTP/1.1" 404 1818
WARNING 2021-08-07 15:45:22,619 basehttp 161 "GET /static/js/register.js%7D HTTP/1.1" 404 1806
INFO 2021-08-07 15:46:33,805 basehttp 161 "GET /register/ HTTP/1.1" 200 5211
WARNING 2021-08-07 15:46:33,834 basehttp 161 "GET /static/img/image_code.png%7D HTTP/1.1" 404 1818
WARNING 2021-08-07 15:46:33,853 basehttp 161 "GET /static/js/register.js%7D HTTP/1.1" 404 1806
WARNING 2021-08-07 15:51:16,276 log 224 Not Found: /
WARNING 2021-08-07 15:51:16,277 basehttp 161 "GET / HTTP/1.1" 404 2233
INFO 2021-08-07 15:51:34,994 basehttp 161 "GET /register/ HTTP/1.1" 200 5136
WARNING 2021-08-07 15:51:35,021 log 224 Not Found: /register/bootstrap/css/bootstrap.min.css
WARNING 2021-08-07 15:51:35,022 basehttp 161 "GET /register/bootstrap/css/bootstrap.min.css HTTP/1.1" 404 2371
WARNING 2021-08-07 15:51:35,036 log 224 Not Found: /register/js/vue-2.5.16.js
WARNING 2021-08-07 15:51:35,037 log 224 Not Found: /register/js/axios-0.18.0.min.js
WARNING 2021-08-07 15:51:35,037 basehttp 161 "GET /register/js/vue-2.5.16.js HTTP/1.1" 404 2326
WARNING 2021-08-07 15:51:35,038 basehttp 161 "GET /register/js/axios-0.18.0.min.js HTTP/1.1" 404 2344
WARNING 2021-08-07 15:51:35,063 log 224 Not Found: /register/js/host.js
WARNING 2021-08-07 15:51:35,065 log 224 Not Found: /register/js/common.js
WARNING 2021-08-07 15:51:35,065 basehttp 161 "GET /register/js/host.js HTTP/1.1" 404 2308
WARNING 2021-08-07 15:51:35,066 log 224 Not Found: /register/img/image_code.png
WARNING 2021-08-07 15:51:35,067 log 224 Not Found: /register/js/register.js
WARNING 2021-08-07 15:51:35,068 basehttp 161 "GET /register/js/common.js HTTP/1.1" 404 2314
WARNING 2021-08-07 15:51:35,069 basehttp 161 "GET /register/img/image_code.png HTTP/1.1" 404 2332
WARNING 2021-08-07 15:51:35,069 basehttp 161 "GET /register/js/register.js HTTP/1.1" 404 2320
INFO 2021-08-07 15:51:39,371 basehttp 161 "GET /register/ HTTP/1.1" 200 5136
WARNING 2021-08-07 15:51:39,395 log 224 Not Found: /register/bootstrap/css/bootstrap.min.css
WARNING 2021-08-07 15:51:39,396 basehttp 161 "GET /register/bootstrap/css/bootstrap.min.css HTTP/1.1" 404 2371
WARNING 2021-08-07 15:51:39,412 log 224 Not Found: /register/js/vue-2.5.16.js
WARNING 2021-08-07 15:51:39,412 log 224 Not Found: /register/js/axios-0.18.0.min.js
WARNING 2021-08-07 15:51:39,413 basehttp 161 "GET /register/js/vue-2.5.16.js HTTP/1.1" 404 2326
WARNING 2021-08-07 15:51:39,413 basehttp 161 "GET /register/js/axios-0.18.0.min.js HTTP/1.1" 404 2344
WARNING 2021-08-07 15:51:39,424 log 224 Not Found: /register/img/image_code.png
WARNING 2021-08-07 15:51:39,425 basehttp 161 "GET /register/img/image_code.png HTTP/1.1" 404 2332
WARNING 2021-08-07 15:51:39,443 log 224 Not Found: /register/js/common.js
WARNING 2021-08-07 15:51:39,444 log 224 Not Found: /register/js/host.js
WARNING 2021-08-07 15:51:39,445 log 224 Not Found: /register/js/register.js
WARNING 2021-08-07 15:51:39,445 basehttp 161 "GET /register/js/common.js HTTP/1.1" 404 2314
WARNING 2021-08-07 15:51:39,446 basehttp 161 "GET /register/js/host.js HTTP/1.1" 404 2308
WARNING 2021-08-07 15:51:39,446 basehttp 161 "GET /register/js/register.js HTTP/1.1" 404 2320
WARNING 2021-08-07 15:51:39,453 log 224 Not Found: /register/js/common.js
WARNING 2021-08-07 15:51:39,453 basehttp 161 "GET /register/js/common.js HTTP/1.1" 404 2314
WARNING 2021-08-07 15:51:39,461 log 224 Not Found: /register/js/register.js
WARNING 2021-08-07 15:51:39,461 basehttp 161 "GET /register/js/register.js HTTP/1.1" 404 2320
INFO 2021-08-07 15:51:39,520 basehttp 161 "GET /register/ HTTP/1.1" 200 5136
WARNING 2021-08-07 15:51:39,544 log 224 Not Found: /register/bootstrap/css/bootstrap.min.css
WARNING 2021-08-07 15:51:39,545 basehttp 161 "GET /register/bootstrap/css/bootstrap.min.css HTTP/1.1" 404 2371
WARNING 2021-08-07 15:51:39,568 log 224 Not Found: /register/js/vue-2.5.16.js
WARNING 2021-08-07 15:51:39,569 log 224 Not Found: /register/js/axios-0.18.0.min.js
WARNING 2021-08-07 15:51:39,570 basehttp 161 "GET /register/js/vue-2.5.16.js HTTP/1.1" 404 2326
WARNING 2021-08-07 15:51:39,570 basehttp 161 "GET /register/js/axios-0.18.0.min.js HTTP/1.1" 404 2344
WARNING 2021-08-07 15:51:39,581 log 224 Not Found: /register/img/image_code.png
WARNING 2021-08-07 15:51:39,586 basehttp 161 "GET /register/img/image_code.png HTTP/1.1" 404 2332
WARNING 2021-08-07 15:51:39,592 log 224 Not Found: /register/js/host.js
WARNING 2021-08-07 15:51:39,593 log 224 Not Found: /register/js/common.js
WARNING 2021-08-07 15:51:39,594 log 224 Not Found: /register/js/register.js
WARNING 2021-08-07 15:51:39,594 basehttp 161 "GET /register/js/host.js HTTP/1.1" 404 2308
WARNING 2021-08-07 15:51:39,595 basehttp 161 "GET /register/js/common.js HTTP/1.1" 404 2314
WARNING 2021-08-07 15:51:39,596 basehttp 161 "GET /register/js/register.js HTTP/1.1" 404 2320
INFO 2021-08-07 15:52:06,941 basehttp 161 "GET /register/ HTTP/1.1" 200 5143
WARNING 2021-08-07 15:52:06,968 log 224 Not Found: /register/static/bootstrap/css/bootstrap.min.css
WARNING 2021-08-07 15:52:06,969 basehttp 161 "GET /register/static/bootstrap/css/bootstrap.min.css HTTP/1.1" 404 2392
WARNING 2021-08-07 15:52:06,990 log 224 Not Found: /register/js/axios-0.18.0.min.js
WARNING 2021-08-07 15:52:06,991 log 224 Not Found: /register/js/vue-2.5.16.js
WARNING 2021-08-07 15:52:06,992 basehttp 161 "GET /register/js/axios-0.18.0.min.js HTTP/1.1" 404 2344
WARNING 2021-08-07 15:52:06,992 basehttp 161 "GET /register/js/vue-2.5.16.js HTTP/1.1" 404 2326
WARNING 2021-08-07 15:52:07,031 log 224 Not Found: /register/img/image_code.png
WARNING 2021-08-07 15:52:07,032 log 224 Not Found: /register/js/register.js
WARNING 2021-08-07 15:52:07,033 log 224 Not Found: /register/js/host.js
WARNING 2021-08-07 15:52:07,035 log 224 Not Found: /register/js/common.js
WARNING 2021-08-07 15:52:07,035 basehttp 161 "GET /register/img/image_code.png HTTP/1.1" 404 2332
WARNING 2021-08-07 15:52:07,035 basehttp 161 "GET /register/js/register.js HTTP/1.1" 404 2320
WARNING 2021-08-07 15:52:07,037 basehttp 161 "GET /register/js/host.js HTTP/1.1" 404 2308
WARNING 2021-08-07 15:52:07,037 basehttp 161 "GET /register/js/common.js HTTP/1.1" 404 2314
WARNING 2021-08-07 15:52:07,047 log 224 Not Found: /register/js/register.js
WARNING 2021-08-07 15:52:07,047 basehttp 161 "GET /register/js/register.js HTTP/1.1" 404 2320
INFO 2021-08-07 15:52:07,534 basehttp 161 "GET /register/ HTTP/1.1" 200 5143
WARNING 2021-08-07 15:52:07,559 log 224 Not Found: /register/static/bootstrap/css/bootstrap.min.css
WARNING 2021-08-07 15:52:07,560 basehttp 161 "GET /register/static/bootstrap/css/bootstrap.min.css HTTP/1.1" 404 2392
WARNING 2021-08-07 15:52:07,571 log 224 Not Found: /register/js/vue-2.5.16.js
WARNING 2021-08-07 15:52:07,572 log 224 Not Found: /register/js/axios-0.18.0.min.js
WARNING 2021-08-07 15:52:07,572 basehttp 161 "GET /register/js/vue-2.5.16.js HTTP/1.1" 404 2326
WARNING 2021-08-07 15:52:07,573 basehttp 161 "GET /register/js/axios-0.18.0.min.js HTTP/1.1" 404 2344
WARNING 2021-08-07 15:52:07,597 log 224 Not Found: /register/img/image_code.png
WARNING 2021-08-07 15:52:07,598 log 224 Not Found: /register/js/host.js
WARNING 2021-08-07 15:52:07,600 log 224 Not Found: /register/js/common.js
WARNING 2021-08-07 15:52:07,601 log 224 Not Found: /register/js/register.js
WARNING 2021-08-07 15:52:07,601 basehttp 161 "GET /register/img/image_code.png HTTP/1.1" 404 2332
WARNING 2021-08-07 15:52:07,601 basehttp 161 "GET /register/js/host.js HTTP/1.1" 404 2308
WARNING 2021-08-07 15:52:07,602 basehttp 161 "GET /register/js/common.js HTTP/1.1" 404 2314
WARNING 2021-08-07 15:52:07,603 basehttp 161 "GET /register/js/register.js HTTP/1.1" 404 2320
INFO 2021-08-07 15:52:07,863 basehttp 161 "GET /register/ HTTP/1.1" 200 5143
WARNING 2021-08-07 15:52:07,888 log 224 Not Found: /register/static/bootstrap/css/bootstrap.min.css
WARNING 2021-08-07 15:52:07,888 basehttp 161 "GET /register/static/bootstrap/css/bootstrap.min.css HTTP/1.1" 404 2392
WARNING 2021-08-07 15:52:07,914 log 224 Not Found: /register/js/axios-0.18.0.min.js
WARNING 2021-08-07 15:52:07,915 log 224 Not Found: /register/js/vue-2.5.16.js
WARNING 2021-08-07 15:52:07,915 basehttp 161 "GET /register/js/axios-0.18.0.min.js HTTP/1.1" 404 2344
WARNING 2021-08-07 15:52:07,916 basehttp 161 "GET /register/js/vue-2.5.16.js HTTP/1.1" 404 2326
WARNING 2021-08-07 15:52:07,952 log 224 Not Found: /register/js/host.js
WARNING 2021-08-07 15:52:07,953 log 224 Not Found: /register/js/common.js
WARNING 2021-08-07 15:52:07,954 basehttp 161 "GET /register/js/common.js HTTP/1.1" 404 2314
WARNING 2021-08-07 15:52:07,954 basehttp 161 "GET /register/js/host.js HTTP/1.1" 404 2308
WARNING 2021-08-07 15:52:07,955 log 224 Not Found: /register/js/axios-0.18.0.min.js
WARNING 2021-08-07 15:52:07,956 basehttp 161 "GET /register/js/axios-0.18.0.min.js HTTP/1.1" 404 2344
WARNING 2021-08-07 15:52:07,968 log 224 Not Found: /register/js/register.js
WARNING 2021-08-07 15:52:07,969 log 224 Not Found: /register/img/image_code.png
WARNING 2021-08-07 15:52:07,970 basehttp 161 "GET /register/js/register.js HTTP/1.1" 404 2320
WARNING 2021-08-07 15:52:07,970 basehttp 161 "GET /register/img/image_code.png HTTP/1.1" 404 2332
WARNING 2021-08-07 15:52:07,972 log 224 Not Found: /register/js/host.js
WARNING 2021-08-07 15:52:07,972 basehttp 161 "GET /register/js/host.js HTTP/1.1" 404 2308
WARNING 2021-08-07 15:52:07,980 log 224 Not Found: /register/js/common.js
WARNING 2021-08-07 15:52:07,980 basehttp 161 "GET /register/js/common.js HTTP/1.1" 404 2314
WARNING 2021-08-07 15:52:07,989 log 224 Not Found: /register/js/register.js
WARNING 2021-08-07 15:52:07,989 basehttp 161 "GET /register/js/register.js HTTP/1.1" 404 2320
INFO 2021-08-07 15:52:08,032 basehttp 161 "GET /register/ HTTP/1.1" 200 5143
WARNING 2021-08-07 15:52:08,056 log 224 Not Found: /register/static/bootstrap/css/bootstrap.min.css
WARNING 2021-08-07 15:52:08,056 basehttp 161 "GET /register/static/bootstrap/css/bootstrap.min.css HTTP/1.1" 404 2392
WARNING 2021-08-07 15:52:08,087 log 224 Not Found: /register/js/vue-2.5.16.js
WARNING 2021-08-07 15:52:08,088 log 224 Not Found: /register/js/axios-0.18.0.min.js
WARNING 2021-08-07 15:52:08,088 basehttp 161 "GET /register/js/axios-0.18.0.min.js HTTP/1.1" 404 2344
WARNING 2021-08-07 15:52:08,088 basehttp 161 "GET /register/js/vue-2.5.16.js HTTP/1.1" 404 2326
WARNING 2021-08-07 15:52:08,116 log 224 Not Found: /register/js/axios-0.18.0.min.js
WARNING 2021-08-07 15:52:08,117 log 224 Not Found: /register/js/host.js
WARNING 2021-08-07 15:52:08,118 basehttp 161 "GET /register/js/host.js HTTP/1.1" 404 2308
WARNING 2021-08-07 15:52:08,118 basehttp 161 "GET /register/js/axios-0.18.0.min.js HTTP/1.1" 404 2344
WARNING 2021-08-07 15:52:08,120 log 224 Not Found: /register/js/common.js
WARNING 2021-08-07 15:52:08,121 basehttp 161 "GET /register/js/common.js HTTP/1.1" 404 2314
WARNING 2021-08-07 15:52:08,129 log 224 Not Found: /register/img/image_code.png
WARNING 2021-08-07 15:52:08,132 log 224 Not Found: /register/js/register.js
WARNING 2021-08-07 15:52:08,134 basehttp 161 "GET /register/img/image_code.png HTTP/1.1" 404 2332
WARNING 2021-08-07 15:52:08,135 basehttp 161 "GET /register/js/register.js HTTP/1.1" 404 2320
WARNING 2021-08-07 15:52:08,136 log 224 Not Found: /register/js/host.js
WARNING 2021-08-07 15:52:08,137 basehttp 161 "GET /register/js/host.js HTTP/1.1" 404 2308
WARNING 2021-08-07 15:52:08,144 log 224 Not Found: /register/js/common.js
WARNING 2021-08-07 15:52:08,145 basehttp 161 "GET /register/js/common.js HTTP/1.1" 404 2314
WARNING 2021-08-07 15:52:08,153 log 224 Not Found: /register/js/register.js
WARNING 2021-08-07 15:52:08,153 basehttp 161 "GET /register/js/register.js HTTP/1.1" 404 2320
INFO 2021-08-07 15:52:08,189 basehttp 161 "GET /register/ HTTP/1.1" 200 5143
WARNING 2021-08-07 15:52:08,212 log 224 Not Found: /register/static/bootstrap/css/bootstrap.min.css
WARNING 2021-08-07 15:52:08,213 basehttp 161 "GET /register/static/bootstrap/css/bootstrap.min.css HTTP/1.1" 404 2392
WARNING 2021-08-07 15:52:08,233 log 224 Not Found: /register/js/vue-2.5.16.js
WARNING 2021-08-07 15:52:08,234 log 224 Not Found: /register/js/axios-0.18.0.min.js
WARNING 2021-08-07 15:52:08,235 basehttp 161 "GET /register/js/vue-2.5.16.js HTTP/1.1" 404 2326
WARNING 2021-08-07 15:52:08,235 basehttp 161 "GET /register/js/axios-0.18.0.min.js HTTP/1.1" 404 2344
WARNING 2021-08-07 15:52:08,243 log 224 Not Found: /register/img/image_code.png
WARNING 2021-08-07 15:52:08,243 basehttp 161 "GET /register/img/image_code.png HTTP/1.1" 404 2332
WARNING 2021-08-07 15:52:08,262 log 224 Not Found: /register/js/register.js
WARNING 2021-08-07 15:52:08,263 log 224 Not Found: /register/js/common.js
WARNING 2021-08-07 15:52:08,264 log 224 Not Found: /register/js/host.js
WARNING 2021-08-07 15:52:08,265 basehttp 161 "GET /register/js/register.js HTTP/1.1" 404 2320
WARNING 2021-08-07 15:52:08,266 basehttp 161 "GET /register/js/common.js HTTP/1.1" 404 2314
WARNING 2021-08-07 15:52:08,266 basehttp 161 "GET /register/js/host.js HTTP/1.1" 404 2308
WARNING 2021-08-07 15:52:08,273 log 224 Not Found: /register/js/common.js
WARNING 2021-08-07 15:52:08,273 basehttp 161 "GET /register/js/common.js HTTP/1.1" 404 2314
WARNING 2021-08-07 15:52:08,281 log 224 Not Found: /register/js/register.js
WARNING 2021-08-07 15:52:08,281 basehttp 161 "GET /register/js/register.js HTTP/1.1" 404 2320
INFO 2021-08-07 15:52:08,335 basehttp 161 "GET /register/ HTTP/1.1" 200 5143
WARNING 2021-08-07 15:52:08,359 log 224 Not Found: /register/static/bootstrap/css/bootstrap.min.css
WARNING 2021-08-07 15:52:08,360 basehttp 161 "GET /register/static/bootstrap/css/bootstrap.min.css HTTP/1.1" 404 2392
WARNING 2021-08-07 15:52:08,385 log 224 Not Found: /register/js/vue-2.5.16.js
WARNING 2021-08-07 15:52:08,386 log 224 Not Found: /register/js/axios-0.18.0.min.js
WARNING 2021-08-07 15:52:08,387 basehttp 161 "GET /register/js/vue-2.5.16.js HTTP/1.1" 404 2326
WARNING 2021-08-07 15:52:08,387 basehttp 161 "GET /register/js/axios-0.18.0.min.js HTTP/1.1" 404 2344
WARNING 2021-08-07 15:52:08,395 log 224 Not Found: /register/img/image_code.png
WARNING 2021-08-07 15:52:08,395 basehttp 161 "GET /register/img/image_code.png HTTP/1.1" 404 2332
WARNING 2021-08-07 15:52:08,414 log 224 Not Found: /register/js/register.js
WARNING 2021-08-07 15:52:08,415 log 224 Not Found: /register/js/host.js
WARNING 2021-08-07 15:52:08,416 log 224 Not Found: /register/js/common.js
WARNING 2021-08-07 15:52:08,417 basehttp 161 "GET /register/js/register.js HTTP/1.1" 404 2320
WARNING 2021-08-07 15:52:08,418 basehttp 161 "GET /register/js/host.js HTTP/1.1" 404 2308
WARNING 2021-08-07 15:52:08,418 basehttp 161 "GET /register/js/common.js HTTP/1.1" 404 2314
WARNING 2021-08-07 15:52:08,425 log 224 Not Found: /register/js/register.js
WARNING 2021-08-07 15:52:08,426 basehttp 161 "GET /register/js/register.js HTTP/1.1" 404 2320
INFO 2021-08-07 15:52:08,479 basehttp 161 "GET /register/ HTTP/1.1" 200 5143
WARNING 2021-08-07 15:52:08,504 log 224 Not Found: /register/static/bootstrap/css/bootstrap.min.css
WARNING 2021-08-07 15:52:08,504 basehttp 161 "GET /register/static/bootstrap/css/bootstrap.min.css HTTP/1.1" 404 2392
WARNING 2021-08-07 15:52:08,531 log 224 Not Found: /register/js/vue-2.5.16.js
WARNING 2021-08-07 15:52:08,532 log 224 Not Found: /register/js/axios-0.18.0.min.js
WARNING 2021-08-07 15:52:08,532 basehttp 161 "GET /register/js/vue-2.5.16.js HTTP/1.1" 404 2326
WARNING 2021-08-07 15:52:08,533 basehttp 161 "GET /register/js/axios-0.18.0.min.js HTTP/1.1" 404 2344
WARNING 2021-08-07 15:52:08,541 log 224 Not Found: /register/img/image_code.png
WARNING 2021-08-07 15:52:08,541 basehttp 161 "GET /register/img/image_code.png HTTP/1.1" 404 2332
WARNING 2021-08-07 15:52:08,560 log 224 Not Found: /register/js/register.js
WARNING 2021-08-07 15:52:08,561 log 224 Not Found: /register/js/common.js
WARNING 2021-08-07 15:52:08,562 log 224 Not Found: /register/js/host.js
WARNING 2021-08-07 15:52:08,563 basehttp 161 "GET /register/js/register.js HTTP/1.1" 404 2320
WARNING 2021-08-07 15:52:08,563 basehttp 161 "GET /register/js/common.js HTTP/1.1" 404 2314
WARNING 2021-08-07 15:52:08,563 basehttp 161 "GET /register/js/host.js HTTP/1.1" 404 2308
WARNING 2021-08-07 15:52:08,571 log 224 Not Found: /register/js/register.js
WARNING 2021-08-07 15:52:08,571 basehttp 161 "GET /register/js/register.js HTTP/1.1" 404 2320
INFO 2021-08-07 15:52:08,906 basehttp 161 "GET /register/ HTTP/1.1" 200 5143
WARNING 2021-08-07 15:52:08,930 log 224 Not Found: /register/static/bootstrap/css/bootstrap.min.css
WARNING 2021-08-07 15:52:08,931 basehttp 161 "GET /register/static/bootstrap/css/bootstrap.min.css HTTP/1.1" 404 2392
WARNING 2021-08-07 15:52:08,958 log 224 Not Found: /register/js/vue-2.5.16.js
WARNING 2021-08-07 15:52:08,959 log 224 Not Found: /register/js/axios-0.18.0.min.js
WARNING 2021-08-07 15:52:08,959 basehttp 161 "GET /register/js/vue-2.5.16.js HTTP/1.1" 404 2326
WARNING 2021-08-07 15:52:08,959 basehttp 161 "GET /register/js/axios-0.18.0.min.js HTTP/1.1" 404 2344
WARNING 2021-08-07 15:52:08,990 log 224 Not Found: /register/js/host.js
WARNING 2021-08-07 15:52:08,991 log 224 Not Found: /register/js/axios-0.18.0.min.js
WARNING 2021-08-07 15:52:08,992 log 224 Not Found: /register/js/common.js
WARNING 2021-08-07 15:52:08,993 basehttp 161 "GET /register/js/host.js HTTP/1.1" 404 2308
WARNING 2021-08-07 15:52:08,994 basehttp 161 "GET /register/js/axios-0.18.0.min.js HTTP/1.1" 404 2344
WARNING 2021-08-07 15:52:08,994 basehttp 161 "GET /register/js/common.js HTTP/1.1" 404 2314
WARNING 2021-08-07 15:52:09,005 log 224 Not Found: /register/js/register.js
WARNING 2021-08-07 15:52:09,007 log 224 Not Found: /register/img/image_code.png
WARNING 2021-08-07 15:52:09,010 basehttp 161 "GET /register/js/register.js HTTP/1.1" 404 2320
WARNING 2021-08-07 15:52:09,010 basehttp 161 "GET /register/img/image_code.png HTTP/1.1" 404 2332
WARNING 2021-08-07 15:52:09,013 log 224 Not Found: /register/js/host.js
WARNING 2021-08-07 15:52:09,013 basehttp 161 "GET /register/js/host.js HTTP/1.1" 404 2308
WARNING 2021-08-07 15:52:09,022 log 224 Not Found: /register/js/common.js
WARNING 2021-08-07 15:52:09,023 basehttp 161 "GET /register/js/common.js HTTP/1.1" 404 2314
WARNING 2021-08-07 15:52:09,030 log 224 Not Found: /register/js/register.js
WARNING 2021-08-07 15:52:09,030 basehttp 161 "GET /register/js/register.js HTTP/1.1" 404 2320
INFO 2021-08-07 15:52:09,275 basehttp 161 "GET /register/ HTTP/1.1" 200 5143
WARNING 2021-08-07 15:52:09,298 log 224 Not Found: /register/static/bootstrap/css/bootstrap.min.css
WARNING 2021-08-07 15:52:09,298 basehttp 161 "GET /register/static/bootstrap/css/bootstrap.min.css HTTP/1.1" 404 2392
WARNING 2021-08-07 15:52:09,329 log 224 Not Found: /register/js/vue-2.5.16.js
WARNING 2021-08-07 15:52:09,330 log 224 Not Found: /register/js/axios-0.18.0.min.js
WARNING 2021-08-07 15:52:09,331 basehttp 161 "GET /register/js/vue-2.5.16.js HTTP/1.1" 404 2326
WARNING 2021-08-07 15:52:09,332 basehttp 161 "GET /register/js/axios-0.18.0.min.js HTTP/1.1" 404 2344
WARNING 2021-08-07 15:52:09,340 log 224 Not Found: /register/img/image_code.png
WARNING 2021-08-07 15:52:09,340 basehttp 161 "GET /register/img/image_code.png HTTP/1.1" 404 2332
WARNING 2021-08-07 15:52:09,361 log 224 Not Found: /register/js/common.js
WARNING 2021-08-07 15:52:09,362 log 224 Not Found: /register/js/host.js
WARNING 2021-08-07 15:52:09,363 basehttp 161 "GET /register/js/common.js HTTP/1.1" 404 2314
WARNING 2021-08-07 15:52:09,364 log 224 Not Found: /register/js/register.js
WARNING 2021-08-07 15:52:09,364 basehttp 161 "GET /register/js/host.js HTTP/1.1" 404 2308
WARNING 2021-08-07 15:52:09,365 basehttp 161 "GET /register/js/register.js HTTP/1.1" 404 2320
WARNING 2021-08-07 15:52:09,371 log 224 Not Found: /register/js/common.js
WARNING 2021-08-07 15:52:09,371 basehttp 161 "GET /register/js/common.js HTTP/1.1" 404 2314
WARNING 2021-08-07 15:52:09,380 log 224 Not Found: /register/js/register.js
WARNING 2021-08-07 15:52:09,380 basehttp 161 "GET /register/js/register.js HTTP/1.1" 404 2320
INFO 2021-08-07 15:52:22,353 basehttp 161 "GET /register/ HTTP/1.1" 200 5157
WARNING 2021-08-07 15:52:22,381 log 224 Not Found: /register/static/bootstrap/css/bootstrap.min.css
WARNING 2021-08-07 15:52:22,381 basehttp 161 "GET /register/static/bootstrap/css/bootstrap.min.css HTTP/1.1" 404 2392
WARNING 2021-08-07 15:52:22,398 log 224 Not Found: /register/static/js/vue-2.5.16.js
WARNING 2021-08-07 15:52:22,399 log 224 Not Found: /register/static/js/axios-0.18.0.min.js
WARNING 2021-08-07 15:52:22,399 basehttp 161 "GET /register/static/js/vue-2.5.16.js HTTP/1.1" 404 2347
WARNING 2021-08-07 15:52:22,400 basehttp 161 "GET /register/static/js/axios-0.18.0.min.js HTTP/1.1" 404 2365
WARNING 2021-08-07 15:52:22,440 log 224 Not Found: /register/js/host.js
WARNING 2021-08-07 15:52:22,442 log 224 Not Found: /register/js/common.js
WARNING 2021-08-07 15:52:22,443 log 224 Not Found: /register/js/register.js
WARNING 2021-08-07 15:52:22,444 basehttp 161 "GET /register/js/host.js HTTP/1.1" 404 2308
WARNING 2021-08-07 15:52:22,445 log 224 Not Found: /register/img/image_code.png
WARNING 2021-08-07 15:52:22,445 basehttp 161 "GET /register/js/common.js HTTP/1.1" 404 2314
WARNING 2021-08-07 15:52:22,445 basehttp 161 "GET /register/js/register.js HTTP/1.1" 404 2320
WARNING 2021-08-07 15:52:22,446 basehttp 161 "GET /register/img/image_code.png HTTP/1.1" 404 2332
INFO 2021-08-07 15:52:22,968 basehttp 161 "GET /register/ HTTP/1.1" 200 5157
WARNING 2021-08-07 15:52:22,996 log 224 Not Found: /register/static/bootstrap/css/bootstrap.min.css
WARNING 2021-08-07 15:52:22,997 basehttp 161 "GET /register/static/bootstrap/css/bootstrap.min.css HTTP/1.1" 404 2392
WARNING 2021-08-07 15:52:23,008 log 224 Not Found: /register/static/js/axios-0.18.0.min.js
WARNING 2021-08-07 15:52:23,009 log 224 Not Found: /register/static/js/vue-2.5.16.js
WARNING 2021-08-07 15:52:23,010 basehttp 161 "GET /register/static/js/axios-0.18.0.min.js HTTP/1.1" 404 2365
WARNING 2021-08-07 15:52:23,010 basehttp 161 "GET /register/static/js/vue-2.5.16.js HTTP/1.1" 404 2347
WARNING 2021-08-07 15:52:23,036 log 224 Not Found: /register/js/register.js
WARNING 2021-08-07 15:52:23,037 log 224 Not Found: /register/img/image_code.png
WARNING 2021-08-07 15:52:23,037 log 224 Not Found: /register/js/host.js
WARNING 2021-08-07 15:52:23,038 log 224 Not Found: /register/js/common.js
WARNING 2021-08-07 15:52:23,039 basehttp 161 "GET /register/js/register.js HTTP/1.1" 404 2320
WARNING 2021-08-07 15:52:23,040 basehttp 161 "GET /register/img/image_code.png HTTP/1.1" 404 2332
WARNING 2021-08-07 15:52:23,040 basehttp 161 "GET /register/js/host.js HTTP/1.1" 404 2308
WARNING 2021-08-07 15:52:23,041 basehttp 161 "GET /register/js/common.js HTTP/1.1" 404 2314
WARNING 2021-08-07 15:52:23,053 log 224 Not Found: /register/js/register.js
WARNING 2021-08-07 15:52:23,053 basehttp 161 "GET /register/js/register.js HTTP/1.1" 404 2320
INFO 2021-08-07 15:52:23,426 basehttp 161 "GET /register/ HTTP/1.1" 200 5157
WARNING 2021-08-07 15:52:23,452 log 224 Not Found: /register/static/bootstrap/css/bootstrap.min.css
WARNING 2021-08-07 15:52:23,452 basehttp 161 "GET /register/static/bootstrap/css/bootstrap.min.css HTTP/1.1" 404 2392
WARNING 2021-08-07 15:52:23,464 log 224 Not Found: /register/static/js/vue-2.5.16.js
WARNING 2021-08-07 15:52:23,465 log 224 Not Found: /register/static/js/axios-0.18.0.min.js
WARNING 2021-08-07 15:52:23,466 basehttp 161 "GET /register/static/js/vue-2.5.16.js HTTP/1.1" 404 2347
WARNING 2021-08-07 15:52:23,466 basehttp 161 "GET /register/static/js/axios-0.18.0.min.js HTTP/1.1" 404 2365
WARNING 2021-08-07 15:52:23,487 log 224 Not Found: /register/img/image_code.png
WARNING 2021-08-07 15:52:23,488 log 224 Not Found: /register/js/host.js
WARNING 2021-08-07 15:52:23,489 log 224 Not Found: /register/js/common.js
WARNING 2021-08-07 15:52:23,490 log 224 Not Found: /register/js/register.js
WARNING 2021-08-07 15:52:23,490 basehttp 161 "GET /register/img/image_code.png HTTP/1.1" 404 2332
WARNING 2021-08-07 15:52:23,491 basehttp 161 "GET /register/js/host.js HTTP/1.1" 404 2308
WARNING 2021-08-07 15:52:23,492 basehttp 161 "GET /register/js/common.js HTTP/1.1" 404 2314
WARNING 2021-08-07 15:52:23,493 basehttp 161 "GET /register/js/register.js HTTP/1.1" 404 2320
INFO 2021-08-07 15:52:23,875 basehttp 161 "GET /register/ HTTP/1.1" 200 5157
WARNING 2021-08-07 15:52:23,899 log 224 Not Found: /register/static/bootstrap/css/bootstrap.min.css
WARNING 2021-08-07 15:52:23,900 basehttp 161 "GET /register/static/bootstrap/css/bootstrap.min.css HTTP/1.1" 404 2392
WARNING 2021-08-07 15:52:23,910 log 224 Not Found: /register/static/js/axios-0.18.0.min.js
WARNING 2021-08-07 15:52:23,911 log 224 Not Found: /register/static/js/vue-2.5.16.js
WARNING 2021-08-07 15:52:23,912 basehttp 161 "GET /register/static/js/axios-0.18.0.min.js HTTP/1.1" 404 2365
WARNING 2021-08-07 15:52:23,913 basehttp 161 "GET /register/static/js/vue-2.5.16.js HTTP/1.1" 404 2347
WARNING 2021-08-07 15:52:23,936 log 224 Not Found: /register/js/register.js
WARNING 2021-08-07 15:52:23,937 log 224 Not Found: /register/img/image_code.png
WARNING 2021-08-07 15:52:23,938 log 224 Not Found: /register/js/host.js
WARNING 2021-08-07 15:52:23,939 log 224 Not Found: /register/js/common.js
WARNING 2021-08-07 15:52:23,939 basehttp 161 "GET /register/js/register.js HTTP/1.1" 404 2320
WARNING 2021-08-07 15:52:23,940 basehttp 161 "GET /register/img/image_code.png HTTP/1.1" 404 2332
WARNING 2021-08-07 15:52:23,941 basehttp 161 "GET /register/js/host.js HTTP/1.1" 404 2308
WARNING 2021-08-07 15:52:23,941 basehttp 161 "GET /register/js/common.js HTTP/1.1" 404 2314
WARNING 2021-08-07 15:52:23,952 log 224 Not Found: /register/js/register.js
WARNING 2021-08-07 15:52:23,953 basehttp 161 "GET /register/js/register.js HTTP/1.1" 404 2320
INFO 2021-08-07 15:52:24,094 basehttp 161 "GET /register/ HTTP/1.1" 200 5157
WARNING 2021-08-07 15:52:24,120 log 224 Not Found: /register/static/bootstrap/css/bootstrap.min.css
WARNING 2021-08-07 15:52:24,121 basehttp 161 "GET /register/static/bootstrap/css/bootstrap.min.css HTTP/1.1" 404 2392
WARNING 2021-08-07 15:52:24,133 log 224 Not Found: /register/static/js/vue-2.5.16.js
WARNING 2021-08-07 15:52:24,134 log 224 Not Found: /register/static/js/axios-0.18.0.min.js
WARNING 2021-08-07 15:52:24,135 basehttp 161 "GET /register/static/js/vue-2.5.16.js HTTP/1.1" 404 2347
WARNING 2021-08-07 15:52:24,135 basehttp 161 "GET /register/static/js/axios-0.18.0.min.js HTTP/1.1" 404 2365
WARNING 2021-08-07 15:52:24,160 log 224 Not Found: /register/js/host.js
WARNING 2021-08-07 15:52:24,161 log 224 Not Found: /register/js/common.js
WARNING 2021-08-07 15:52:24,163 log 224 Not Found: /register/img/image_code.png
WARNING 2021-08-07 15:52:24,164 log 224 Not Found: /register/js/register.js
WARNING 2021-08-07 15:52:24,165 basehttp 161 "GET /register/js/host.js HTTP/1.1" 404 2308
WARNING 2021-08-07 15:52:24,166 basehttp 161 "GET /register/js/common.js HTTP/1.1" 404 2314
WARNING 2021-08-07 15:52:24,166 basehttp 161 "GET /register/img/image_code.png HTTP/1.1" 404 2332
WARNING 2021-08-07 15:52:24,168 basehttp 161 "GET /register/js/register.js HTTP/1.1" 404 2320
INFO 2021-08-07 15:52:24,289 basehttp 161 "GET /register/ HTTP/1.1" 200 5157
WARNING 2021-08-07 15:52:24,313 log 224 Not Found: /register/static/bootstrap/css/bootstrap.min.css
WARNING 2021-08-07 15:52:24,313 basehttp 161 "GET /register/static/bootstrap/css/bootstrap.min.css HTTP/1.1" 404 2392
WARNING 2021-08-07 15:52:24,326 log 224 Not Found: /register/static/js/vue-2.5.16.js
WARNING 2021-08-07 15:52:24,327 log 224 Not Found: /register/static/js/axios-0.18.0.min.js
WARNING 2021-08-07 15:52:24,328 basehttp 161 "GET /register/static/js/vue-2.5.16.js HTTP/1.1" 404 2347
WARNING 2021-08-07 15:52:24,328 basehttp 161 "GET /register/static/js/axios-0.18.0.min.js HTTP/1.1" 404 2365
WARNING 2021-08-07 15:52:24,347 log 224 Not Found: /register/js/common.js
WARNING 2021-08-07 15:52:24,348 log 224 Not Found: /register/js/host.js
WARNING 2021-08-07 15:52:24,349 basehttp 161 "GET /register/js/common.js HTTP/1.1" 404 2314
WARNING 2021-08-07 15:52:24,350 log 224 Not Found: /register/img/image_code.png
WARNING 2021-08-07 15:52:24,350 basehttp 161 "GET /register/js/host.js HTTP/1.1" 404 2308
WARNING 2021-08-07 15:52:24,352 log 224 Not Found: /register/js/register.js
WARNING 2021-08-07 15:52:24,353 basehttp 161 "GET /register/img/image_code.png HTTP/1.1" 404 2332
WARNING 2021-08-07 15:52:24,353 basehttp 161 "GET /register/js/register.js HTTP/1.1" 404 2320
WARNING 2021-08-07 15:52:24,358 log 224 Not Found: /register/js/common.js
WARNING 2021-08-07 15:52:24,358 basehttp 161 "GET /register/js/common.js HTTP/1.1" 404 2314
WARNING 2021-08-07 15:52:24,365 log 224 Not Found: /register/js/register.js
WARNING 2021-08-07 15:52:24,366 basehttp 161 "GET /register/js/register.js HTTP/1.1" 404 2320
INFO 2021-08-07 15:52:24,490 basehttp 161 "GET /register/ HTTP/1.1" 200 5157
WARNING 2021-08-07 15:52:24,514 log 224 Not Found: /register/static/bootstrap/css/bootstrap.min.css
WARNING 2021-08-07 15:52:24,515 basehttp 161 "GET /register/static/bootstrap/css/bootstrap.min.css HTTP/1.1" 404 2392
WARNING 2021-08-07 15:52:24,528 log 224 Not Found: /register/static/js/vue-2.5.16.js
WARNING 2021-08-07 15:52:24,529 basehttp 161 "GET /register/static/js/vue-2.5.16.js HTTP/1.1" 404 2347
WARNING 2021-08-07 15:52:24,530 log 224 Not Found: /register/static/js/axios-0.18.0.min.js
WARNING 2021-08-07 15:52:24,531 basehttp 161 "GET /register/static/js/axios-0.18.0.min.js HTTP/1.1" 404 2365
WARNING 2021-08-07 15:52:24,551 log 224 Not Found: /register/js/host.js
WARNING 2021-08-07 15:52:24,552 log 224 Not Found: /register/js/register.js
WARNING 2021-08-07 15:52:24,553 log 224 Not Found: /register/img/image_code.png
WARNING 2021-08-07 15:52:24,554 log 224 Not Found: /register/js/common.js
WARNING 2021-08-07 15:52:24,555 basehttp 161 "GET /register/js/register.js HTTP/1.1" 404 2320
WARNING 2021-08-07 15:52:24,555 basehttp 161 "GET /register/img/image_code.png HTTP/1.1" 404 2332
WARNING 2021-08-07 15:52:24,555 basehttp 161 "GET /register/js/host.js HTTP/1.1" 404 2308
WARNING 2021-08-07 15:52:24,557 basehttp 161 "GET /register/js/common.js HTTP/1.1" 404 2314
WARNING 2021-08-07 15:52:24,566 log 224 Not Found: /register/js/register.js
WARNING 2021-08-07 15:52:24,566 basehttp 161 "GET /register/js/register.js HTTP/1.1" 404 2320
INFO 2021-08-07 15:52:24,903 basehttp 161 "GET /register/ HTTP/1.1" 200 5157
WARNING 2021-08-07 15:52:24,927 log 224 Not Found: /register/static/bootstrap/css/bootstrap.min.css
WARNING 2021-08-07 15:52:24,928 basehttp 161 "GET /register/static/bootstrap/css/bootstrap.min.css HTTP/1.1" 404 2392
WARNING 2021-08-07 15:52:24,955 log 224 Not Found: /register/static/js/vue-2.5.16.js
WARNING 2021-08-07 15:52:24,956 log 224 Not Found: /register/static/js/axios-0.18.0.min.js
WARNING 2021-08-07 15:52:24,957 basehttp 161 "GET /register/static/js/vue-2.5.16.js HTTP/1.1" 404 2347
WARNING 2021-08-07 15:52:24,957 basehttp 161 "GET /register/static/js/axios-0.18.0.min.js HTTP/1.1" 404 2365
WARNING 2021-08-07 15:52:24,965 log 224 Not Found: /register/img/image_code.png
WARNING 2021-08-07 15:52:24,965 basehttp 161 "GET /register/img/image_code.png HTTP/1.1" 404 2332
WARNING 2021-08-07 15:52:24,984 log 224 Not Found: /register/js/host.js
WARNING 2021-08-07 15:52:24,986 log 224 Not Found: /register/js/common.js
WARNING 2021-08-07 15:52:24,986 log 224 Not Found: /register/js/register.js
WARNING 2021-08-07 15:52:24,987 basehttp 161 "GET /register/js/host.js HTTP/1.1" 404 2308
WARNING 2021-08-07 15:52:24,987 basehttp 161 "GET /register/js/common.js HTTP/1.1" 404 2314
WARNING 2021-08-07 15:52:24,988 basehttp 161 "GET /register/js/register.js HTTP/1.1" 404 2320
INFO 2021-08-07 15:52:25,161 basehttp 161 "GET /register/ HTTP/1.1" 200 5157
WARNING 2021-08-07 15:52:25,185 log 224 Not Found: /register/static/bootstrap/css/bootstrap.min.css
WARNING 2021-08-07 15:52:25,185 basehttp 161 "GET /register/static/bootstrap/css/bootstrap.min.css HTTP/1.1" 404 2392
WARNING 2021-08-07 15:52:25,210 log 224 Not Found: /register/static/js/vue-2.5.16.js
WARNING 2021-08-07 15:52:25,211 log 224 Not Found: /register/static/js/axios-0.18.0.min.js
WARNING 2021-08-07 15:52:25,212 basehttp 161 "GET /register/static/js/vue-2.5.16.js HTTP/1.1" 404 2347
WARNING 2021-08-07 15:52:25,212 basehttp 161 "GET /register/static/js/axios-0.18.0.min.js HTTP/1.1" 404 2365
WARNING 2021-08-07 15:52:25,221 log 224 Not Found: /register/img/image_code.png
WARNING 2021-08-07 15:52:25,222 basehttp 161 "GET /register/img/image_code.png HTTP/1.1" 404 2332
WARNING 2021-08-07 15:52:25,239 log 224 Not Found: /register/js/common.js
WARNING 2021-08-07 15:52:25,241 log 224 Not Found: /register/js/register.js
WARNING 2021-08-07 15:52:25,242 log 224 Not Found: /register/js/host.js
WARNING 2021-08-07 15:52:25,243 basehttp 161 "GET /register/js/common.js HTTP/1.1" 404 2314
WARNING 2021-08-07 15:52:25,244 basehttp 161 "GET /register/js/register.js HTTP/1.1" 404 2320
WARNING 2021-08-07 15:52:25,245 basehttp 161 "GET /register/js/host.js HTTP/1.1" 404 2308
WARNING 2021-08-07 15:52:25,253 log 224 Not Found: /register/js/common.js
WARNING 2021-08-07 15:52:25,254 basehttp 161 "GET /register/js/common.js HTTP/1.1" 404 2314
WARNING 2021-08-07 15:52:25,262 log 224 Not Found: /register/js/register.js
WARNING 2021-08-07 15:52:25,263 basehttp 161 "GET /register/js/register.js HTTP/1.1" 404 2320
INFO 2021-08-07 15:52:25,322 basehttp 161 "GET /register/ HTTP/1.1" 200 5157
WARNING 2021-08-07 15:52:25,346 log 224 Not Found: /register/static/bootstrap/css/bootstrap.min.css
WARNING 2021-08-07 15:52:25,346 basehttp 161 "GET /register/static/bootstrap/css/bootstrap.min.css HTTP/1.1" 404 2392
WARNING 2021-08-07 15:52:25,378 log 224 Not Found: /register/static/js/vue-2.5.16.js
WARNING 2021-08-07 15:52:25,379 log 224 Not Found: /register/static/js/axios-0.18.0.min.js
WARNING 2021-08-07 15:52:25,380 basehttp 161 "GET /register/static/js/vue-2.5.16.js HTTP/1.1" 404 2347
WARNING 2021-08-07 15:52:25,380 basehttp 161 "GET /register/static/js/axios-0.18.0.min.js HTTP/1.1" 404 2365
WARNING 2021-08-07 15:52:25,389 log 224 Not Found: /register/img/image_code.png
WARNING 2021-08-07 15:52:25,389 basehttp 161 "GET /register/img/image_code.png HTTP/1.1" 404 2332
WARNING 2021-08-07 15:52:25,406 log 224 Not Found: /register/js/common.js
WARNING 2021-08-07 15:52:25,407 log 224 Not Found: /register/js/register.js
WARNING 2021-08-07 15:52:25,408 log 224 Not Found: /register/js/host.js
WARNING 2021-08-07 15:52:25,409 basehttp 161 "GET /register/js/common.js HTTP/1.1" 404 2314
WARNING 2021-08-07 15:52:25,409 basehttp 161 "GET /register/js/register.js HTTP/1.1" 404 2320
WARNING 2021-08-07 15:52:25,409 basehttp 161 "GET /register/js/host.js HTTP/1.1" 404 2308
WARNING 2021-08-07 15:52:25,418 log 224 Not Found: /register/js/common.js
WARNING 2021-08-07 15:52:25,418 basehttp 161 "GET /register/js/common.js HTTP/1.1" 404 2314
WARNING 2021-08-07 15:52:25,425 log 224 Not Found: /register/js/register.js
WARNING 2021-08-07 15:52:25,426 basehttp 161 "GET /register/js/register.js HTTP/1.1" 404 2320
INFO 2021-08-07 15:52:40,151 basehttp 161 "GET /register/ HTTP/1.1" 200 5164
WARNING 2021-08-07 15:52:40,178 log 224 Not Found: /register/static/bootstrap/css/bootstrap.min.css
WARNING 2021-08-07 15:52:40,178 basehttp 161 "GET /register/static/bootstrap/css/bootstrap.min.css HTTP/1.1" 404 2392
WARNING 2021-08-07 15:52:40,204 log 224 Not Found: /register/static/js/vue-2.5.16.js
WARNING 2021-08-07 15:52:40,205 log 224 Not Found: /register/static/js/axios-0.18.0.min.js
WARNING 2021-08-07 15:52:40,206 basehttp 161 "GET /register/static/js/vue-2.5.16.js HTTP/1.1" 404 2347
WARNING 2021-08-07 15:52:40,206 basehttp 161 "GET /register/static/js/axios-0.18.0.min.js HTTP/1.1" 404 2365
WARNING 2021-08-07 15:52:40,232 log 224 Not Found: /register/static/img/image_code.png
WARNING 2021-08-07 15:52:40,237 basehttp 161 "GET /register/static/img/image_code.png HTTP/1.1" 404 2353
WARNING 2021-08-07 15:52:40,243 log 224 Not Found: /register/js/register.js
WARNING 2021-08-07 15:52:40,244 basehttp 161 "GET /register/js/register.js HTTP/1.1" 404 2320
WARNING 2021-08-07 15:52:40,245 log 224 Not Found: /register/js/common.js
WARNING 2021-08-07 15:52:40,246 log 224 Not Found: /register/js/host.js
WARNING 2021-08-07 15:52:40,246 basehttp 161 "GET /register/js/common.js HTTP/1.1" 404 2314
WARNING 2021-08-07 15:52:40,246 basehttp 161 "GET /register/js/host.js HTTP/1.1" 404 2308
WARNING 2021-08-07 15:52:40,257 log 224 Not Found: /register/js/common.js
WARNING 2021-08-07 15:52:40,258 basehttp 161 "GET /register/js/common.js HTTP/1.1" 404 2314
WARNING 2021-08-07 15:52:40,265 log 224 Not Found: /register/js/register.js
WARNING 2021-08-07 15:52:40,265 basehttp 161 "GET /register/js/register.js HTTP/1.1" 404 2320
INFO 2021-08-07 15:52:40,579 basehttp 161 "GET /register/ HTTP/1.1" 200 5164
WARNING 2021-08-07 15:52:40,603 log 224 Not Found: /register/static/bootstrap/css/bootstrap.min.css
WARNING 2021-08-07 15:52:40,603 basehttp 161 "GET /register/static/bootstrap/css/bootstrap.min.css HTTP/1.1" 404 2392
WARNING 2021-08-07 15:52:40,635 log 224 Not Found: /register/static/js/vue-2.5.16.js
WARNING 2021-08-07 15:52:40,636 log 224 Not Found: /register/static/js/axios-0.18.0.min.js
WARNING 2021-08-07 15:52:40,636 basehttp 161 "GET /register/static/js/vue-2.5.16.js HTTP/1.1" 404 2347
WARNING 2021-08-07 15:52:40,637 basehttp 161 "GET /register/static/js/axios-0.18.0.min.js HTTP/1.1" 404 2365
WARNING 2021-08-07 15:52:40,645 log 224 Not Found: /register/static/img/image_code.png
WARNING 2021-08-07 15:52:40,646 basehttp 161 "GET /register/static/img/image_code.png HTTP/1.1" 404 2353
WARNING 2021-08-07 15:52:40,666 log 224 Not Found: /register/js/host.js
WARNING 2021-08-07 15:52:40,667 log 224 Not Found: /register/js/common.js
WARNING 2021-08-07 15:52:40,668 log 224 Not Found: /register/js/register.js
WARNING 2021-08-07 15:52:40,669 basehttp 161 "GET /register/js/host.js HTTP/1.1" 404 2308
WARNING 2021-08-07 15:52:40,669 basehttp 161 "GET /register/js/register.js HTTP/1.1" 404 2320
WARNING 2021-08-07 15:52:40,670 basehttp 161 "GET /register/js/common.js HTTP/1.1" 404 2314
WARNING 2021-08-07 15:52:40,677 log 224 Not Found: /register/js/register.js
WARNING 2021-08-07 15:52:40,677 basehttp 161 "GET /register/js/register.js HTTP/1.1" 404 2320
INFO 2021-08-07 15:52:40,766 basehttp 161 "GET /register/ HTTP/1.1" 200 5164
WARNING 2021-08-07 15:52:40,791 log 224 Not Found: /register/static/bootstrap/css/bootstrap.min.css
WARNING 2021-08-07 15:52:40,792 basehttp 161 "GET /register/static/bootstrap/css/bootstrap.min.css HTTP/1.1" 404 2392
WARNING 2021-08-07 15:52:40,816 log 224 Not Found: /register/static/js/vue-2.5.16.js
WARNING 2021-08-07 15:52:40,817 log 224 Not Found: /register/static/js/axios-0.18.0.min.js
WARNING 2021-08-07 15:52:40,817 basehttp 161 "GET /register/static/js/vue-2.5.16.js HTTP/1.1" 404 2347
WARNING 2021-08-07 15:52:40,817 basehttp 161 "GET /register/static/js/axios-0.18.0.min.js HTTP/1.1" 404 2365
WARNING 2021-08-07 15:52:40,828 log 224 Not Found: /register/static/img/image_code.png
WARNING 2021-08-07 15:52:40,829 basehttp 161 "GET /register/static/img/image_code.png HTTP/1.1" 404 2353
WARNING 2021-08-07 15:52:40,844 log 224 Not Found: /register/js/register.js
WARNING 2021-08-07 15:52:40,846 log 224 Not Found: /register/js/common.js
WARNING 2021-08-07 15:52:40,847 log 224 Not Found: /register/js/host.js
WARNING 2021-08-07 15:52:40,847 basehttp 161 "GET /register/js/register.js HTTP/1.1" 404 2320
WARNING 2021-08-07 15:52:40,848 basehttp 161 "GET /register/js/common.js HTTP/1.1" 404 2314
WARNING 2021-08-07 15:52:40,848 basehttp 161 "GET /register/js/host.js HTTP/1.1" 404 2308
WARNING 2021-08-07 15:52:40,857 log 224 Not Found: /register/js/common.js
WARNING 2021-08-07 15:52:40,858 basehttp 161 "GET /register/js/common.js HTTP/1.1" 404 2314
WARNING 2021-08-07 15:52:40,865 log 224 Not Found: /register/js/register.js
WARNING 2021-08-07 15:52:40,865 basehttp 161 "GET /register/js/register.js HTTP/1.1" 404 2320
INFO 2021-08-07 15:52:40,962 basehttp 161 "GET /register/ HTTP/1.1" 200 5164
WARNING 2021-08-07 15:52:40,987 log 224 Not Found: /register/static/bootstrap/css/bootstrap.min.css
WARNING 2021-08-07 15:52:40,988 basehttp 161 "GET /register/static/bootstrap/css/bootstrap.min.css HTTP/1.1" 404 2392
WARNING 2021-08-07 15:52:41,010 log 224 Not Found: /register/static/js/axios-0.18.0.min.js
WARNING 2021-08-07 15:52:41,011 log 224 Not Found: /register/static/js/vue-2.5.16.js
WARNING 2021-08-07 15:52:41,012 basehttp 161 "GET /register/static/js/axios-0.18.0.min.js HTTP/1.1" 404 2365
WARNING 2021-08-07 15:52:41,012 basehttp 161 "GET /register/static/js/vue-2.5.16.js HTTP/1.1" 404 2347
WARNING 2021-08-07 15:52:41,023 log 224 Not Found: /register/static/img/image_code.png
WARNING 2021-08-07 15:52:41,024 basehttp 161 "GET /register/static/img/image_code.png HTTP/1.1" 404 2353
WARNING 2021-08-07 15:52:41,042 log 224 Not Found: /register/js/host.js
WARNING 2021-08-07 15:52:41,043 log 224 Not Found: /register/js/common.js
WARNING 2021-08-07 15:52:41,044 log 224 Not Found: /register/js/register.js
WARNING 2021-08-07 15:52:41,044 basehttp 161 "GET /register/js/host.js HTTP/1.1" 404 2308
WARNING 2021-08-07 15:52:41,045 basehttp 161 "GET /register/js/register.js HTTP/1.1" 404 2320
WARNING 2021-08-07 15:52:41,045 basehttp 161 "GET /register/js/common.js HTTP/1.1" 404 2314
WARNING 2021-08-07 15:52:41,054 log 224 Not Found: /register/js/register.js
WARNING 2021-08-07 15:52:41,054 basehttp 161 "GET /register/js/register.js HTTP/1.1" 404 2320
INFO 2021-08-07 15:52:41,128 basehttp 161 "GET /register/ HTTP/1.1" 200 5164
WARNING 2021-08-07 15:52:41,150 log 224 Not Found: /register/static/bootstrap/css/bootstrap.min.css
WARNING 2021-08-07 15:52:41,150 basehttp 161 "GET /register/static/bootstrap/css/bootstrap.min.css HTTP/1.1" 404 2392
WARNING 2021-08-07 15:52:41,179 log 224 Not Found: /register/static/js/vue-2.5.16.js
WARNING 2021-08-07 15:52:41,180 log 224 Not Found: /register/static/js/axios-0.18.0.min.js
WARNING 2021-08-07 15:52:41,181 basehttp 161 "GET /register/static/js/vue-2.5.16.js HTTP/1.1" 404 2347
WARNING 2021-08-07 15:52:41,182 basehttp 161 "GET /register/static/js/axios-0.18.0.min.js HTTP/1.1" 404 2365
WARNING 2021-08-07 15:52:41,192 log 224 Not Found: /register/static/img/image_code.png
WARNING 2021-08-07 15:52:41,193 basehttp 161 "GET /register/static/img/image_code.png HTTP/1.1" 404 2353
WARNING 2021-08-07 15:52:41,209 log 224 Not Found: /register/js/host.js
WARNING 2021-08-07 15:52:41,211 log 224 Not Found: /register/js/common.js
WARNING 2021-08-07 15:52:41,212 log 224 Not Found: /register/js/register.js
WARNING 2021-08-07 15:52:41,213 basehttp 161 "GET /register/js/host.js HTTP/1.1" 404 2308
WARNING 2021-08-07 15:52:41,213 basehttp 161 "GET /register/js/common.js HTTP/1.1" 404 2314
WARNING 2021-08-07 15:52:41,215 basehttp 161 "GET /register/js/register.js HTTP/1.1" 404 2320
INFO 2021-08-07 15:52:41,267 basehttp 161 "GET /register/ HTTP/1.1" 200 5164
WARNING 2021-08-07 15:52:41,291 log 224 Not Found: /register/static/bootstrap/css/bootstrap.min.css
WARNING 2021-08-07 15:52:41,291 basehttp 161 "GET /register/static/bootstrap/css/bootstrap.min.css HTTP/1.1" 404 2392
WARNING 2021-08-07 15:52:41,315 log 224 Not Found: /register/static/js/vue-2.5.16.js
WARNING 2021-08-07 15:52:41,316 log 224 Not Found: /register/static/js/axios-0.18.0.min.js
WARNING 2021-08-07 15:52:41,316 basehttp 161 "GET /register/static/js/vue-2.5.16.js HTTP/1.1" 404 2347
WARNING 2021-08-07 15:52:41,317 basehttp 161 "GET /register/static/js/axios-0.18.0.min.js HTTP/1.1" 404 2365
WARNING 2021-08-07 15:52:41,326 log 224 Not Found: /register/static/img/image_code.png
WARNING 2021-08-07 15:52:41,327 basehttp 161 "GET /register/static/img/image_code.png HTTP/1.1" 404 2353
WARNING 2021-08-07 15:52:41,344 log 224 Not Found: /register/js/host.js
WARNING 2021-08-07 15:52:41,345 log 224 Not Found: /register/js/register.js
WARNING 2021-08-07 15:52:41,346 log 224 Not Found: /register/js/common.js
WARNING 2021-08-07 15:52:41,347 basehttp 161 "GET /register/js/host.js HTTP/1.1" 404 2308
WARNING 2021-08-07 15:52:41,347 basehttp 161 "GET /register/js/register.js HTTP/1.1" 404 2320
WARNING 2021-08-07 15:52:41,348 basehttp 161 "GET /register/js/common.js HTTP/1.1" 404 2314
WARNING 2021-08-07 15:52:41,356 log 224 Not Found: /register/js/register.js
WARNING 2021-08-07 15:52:41,357 basehttp 161 "GET /register/js/register.js HTTP/1.1" 404 2320
INFO 2021-08-07 15:53:20,149 basehttp 161 "GET /register/ HTTP/1.1" 200 5176
WARNING 2021-08-07 15:53:20,230 log 224 Not Found: /register/js/host.js
WARNING 2021-08-07 15:53:20,233 basehttp 161 "GET /register/js/host.js HTTP/1.1" 404 2308
WARNING 2021-08-07 15:53:20,239 log 224 Not Found: /register/js/common.js
WARNING 2021-08-07 15:53:20,240 log 224 Not Found: /register/js/register.js
WARNING 2021-08-07 15:53:20,240 basehttp 161 "GET /register/js/register.js HTTP/1.1" 404 2320
WARNING 2021-08-07 15:53:20,240 basehttp 161 "GET /register/js/common.js HTTP/1.1" 404 2314
INFO 2021-08-07 15:55:12,634 basehttp 161 "GET /register/ HTTP/1.1" 200 5206
WARNING 2021-08-07 15:57:05,814 log 224 Not Found: /register/login.html
WARNING 2021-08-07 15:57:05,815 basehttp 161 "GET /register/login.html HTTP/1.1" 404 2308
WARNING 2021-08-07 15:57:32,560 log 224 Not Found: /register/login.html
WARNING 2021-08-07 15:57:32,560 basehttp 161 "GET /register/login.html HTTP/1.1" 404 2308
WARNING 2021-08-07 15:57:32,724 log 224 Not Found: /register/login.html
WARNING 2021-08-07 15:57:32,724 basehttp 161 "GET /register/login.html HTTP/1.1" 404 2308
WARNING 2021-08-07 15:57:32,896 log 224 Not Found: /register/login.html
WARNING 2021-08-07 15:57:32,897 basehttp 161 "GET /register/login.html HTTP/1.1" 404 2308
WARNING 2021-08-07 15:57:33,037 log 224 Not Found: /register/login.html
WARNING 2021-08-07 15:57:33,037 basehttp 161 "GET /register/login.html HTTP/1.1" 404 2308
WARNING 2021-08-07 15:57:33,201 log 224 Not Found: /register/login.html
WARNING 2021-08-07 15:57:33,202 basehttp 161 "GET /register/login.html HTTP/1.1" 404 2308
WARNING 2021-08-07 15:59:53,110 log 224 Not Found: /register/login.html
WARNING 2021-08-07 15:59:53,111 basehttp 161 "GET /register/login.html HTTP/1.1" 404 2308
WARNING 2021-08-07 16:02:44,479 log 224 Not Found: /
WARNING 2021-08-07 16:02:44,480 basehttp 161 "GET / HTTP/1.1" 404 2233
INFO 2021-08-07 16:02:53,883 basehttp 161 "GET /register/ HTTP/1.1" 200 5206
WARNING 2021-08-07 16:02:55,840 log 224 Not Found: /register/login.html
WARNING 2021-08-07 16:02:55,841 basehttp 161 "GET /register/login.html HTTP/1.1" 404 2308
INFO 2021-08-07 16:06:03,552 autoreload 251 F:\git ¿â\django_blog\new_pro\users\views.py changed, reloading.
INFO 2021-08-07 16:06:05,382 autoreload 637 Watching for file changes with StatReloader
WARNING 2021-08-07 16:08:03,209 log 224 Not Found: /login.html
WARNING 2021-08-07 16:08:03,209 basehttp 161 "GET /login.html HTTP/1.1" 404 2281
INFO 2021-08-07 16:08:11,829 basehttp 161 "GET /static/login.html HTTP/1.1" 304 0
INFO 2021-08-07 16:08:15,692 basehttp 161 "GET /static/index.html HTTP/1.1" 304 0
INFO 2021-08-07 16:08:17,040 basehttp 161 "GET /static/detail.html HTTP/1.1" 200 8814
INFO 2021-08-07 16:08:17,106 basehttp 161 "GET /static/prism/prism.css HTTP/1.1" 200 4033
INFO 2021-08-07 16:08:17,123 basehttp 161 "GET /static/js/detail.js HTTP/1.1" 200 1294
INFO 2021-08-07 16:08:17,192 basehttp 161 "GET /static/ckeditor/ckeditor/plugins/prism/lib/prism/prism_patched.min.js HTTP/1.1" 200 99487
INFO 2021-08-07 16:08:17,375 basehttp 161 "GET /static/ckeditor/ckeditor/lang/en.js?t=I3I8 HTTP/1.1" 200 19035
INFO 2021-08-07 16:08:17,416 basehttp 161 "GET /static/ckeditor/ckeditor/plugins/prism/plugin.js?t=I3I8 HTTP/1.1" 200 4333
INFO 2021-08-07 16:08:17,424 basehttp 161 "GET /static/ckeditor/ckeditor/plugins/codesnippet/plugin.js?t=I3I8 HTTP/1.1" 200 3824
INFO 2021-08-07 16:08:17,461 basehttp 161 "GET /static/ckeditor/ckeditor/plugins/codesnippet/lang/en.js?t=I3I8 HTTP/1.1" 200 369
INFO 2021-08-07 16:08:17,499 basehttp 161 "GET /static/ckeditor/ckeditor/plugins/codesnippet/icons/codesnippet.png?t=I3I8 HTTP/1.1" 200 597
INFO 2021-08-07 16:08:17,527 basehttp 161 "GET /static/ckeditor/ckeditor/plugins/prism/lib/prism/prism_patched.min.css HTTP/1.1" 200 2063
WARNING 2021-08-07 16:08:20,594 log 224 Not Found: /templates/register.html
WARNING 2021-08-07 16:08:20,595 basehttp 161 "GET /templates/register.html HTTP/1.1" 404 2320
WARNING 2021-08-07 16:11:47,917 log 224 Not Found: /templates/register.html
WARNING 2021-08-07 16:11:47,917 basehttp 161 "GET /templates/register.html HTTP/1.1" 404 2320
WARNING 2021-08-07 16:11:48,681 log 224 Not Found: /templates/register.html
WARNING 2021-08-07 16:11:48,682 basehttp 161 "GET /templates/register.html HTTP/1.1" 404 2320
WARNING 2021-08-07 16:11:49,094 log 224 Not Found: /templates/register.html
WARNING 2021-08-07 16:11:49,094 basehttp 161 "GET /templates/register.html HTTP/1.1" 404 2320
WARNING 2021-08-07 16:11:49,349 log 224 Not Found: /templates/register.html
WARNING 2021-08-07 16:11:49,350 basehttp 161 "GET /templates/register.html HTTP/1.1" 404 2320
WARNING 2021-08-07 16:11:49,505 log 224 Not Found: /templates/register.html
WARNING 2021-08-07 16:11:49,506 basehttp 161 "GET /templates/register.html HTTP/1.1" 404 2320
WARNING 2021-08-07 16:12:05,061 log 224 Not Found: /
WARNING 2021-08-07 16:12:05,062 basehttp 161 "GET / HTTP/1.1" 404 2233
INFO 2021-08-07 16:12:10,482 basehttp 161 "GET /register/ HTTP/1.1" 200 5192
WARNING 2021-08-07 16:12:14,018 log 224 Not Found: /register/login.html
WARNING 2021-08-07 16:12:14,019 basehttp 161 "GET /register/login.html HTTP/1.1" 404 2308
WARNING 2021-08-07 16:13:39,494 log 224 Not Found: /register/login.html
WARNING 2021-08-07 16:13:39,494 basehttp 161 "GET /register/login.html HTTP/1.1" 404 2308
WARNING 2021-08-07 16:13:40,282 log 224 Not Found: /register/login.html
WARNING 2021-08-07 16:13:40,283 basehttp 161 "GET /register/login.html HTTP/1.1" 404 2308
WARNING 2021-08-07 16:13:40,633 log 224 Not Found: /register/login.html
WARNING 2021-08-07 16:13:40,633 basehttp 161 "GET /register/login.html HTTP/1.1" 404 2308
WARNING 2021-08-07 16:13:40,821 log 224 Not Found: /register/login.html
WARNING 2021-08-07 16:13:40,821 basehttp 161 "GET /register/login.html HTTP/1.1" 404 2308
WARNING 2021-08-07 16:13:44,221 log 224 Not Found: /register/index.html
WARNING 2021-08-07 16:13:44,221 basehttp 161 "GET /register/index.html HTTP/1.1" 404 2308
WARNING 2021-08-07 16:13:49,640 log 224 Not Found: /register/index.html
WARNING 2021-08-07 16:13:49,641 basehttp 161 "GET /register/index.html HTTP/1.1" 404 2308
INFO 2021-08-07 16:19:00,221 autoreload 251 F:\git ¿â\django_blog\new_pro\new_pro\settings.py changed, reloading.
INFO 2021-08-07 16:19:02,000 autoreload 637 Watching for file changes with StatReloader
INFO 2021-08-07 16:19:02,630 basehttp 161 "GET /static/index.html HTTP/1.1" 304 0
INFO 2021-08-07 16:19:03,352 basehttp 161 "GET /static/index.html HTTP/1.1" 304 0
INFO 2021-08-07 16:19:03,537 basehttp 161 "GET /static/index.html HTTP/1.1" 304 0
INFO 2021-08-07 16:19:09,326 basehttp 161 "GET /register/ HTTP/1.1" 200 5192
WARNING 2021-08-07 16:19:12,274 log 224 Not Found: /register/index.html
WARNING 2021-08-07 16:19:12,275 basehttp 161 "GET /register/index.html HTTP/1.1" 404 2308
INFO 2021-08-07 16:27:52,837 autoreload 251 F:\git ¿â\django_blog\new_pro\new_pro\settings.py changed, reloading.
INFO 2021-08-07 16:27:54,710 autoreload 637 Watching for file changes with StatReloader
INFO 2021-08-07 16:27:55,061 basehttp 161 "GET /register/ HTTP/1.1" 200 5192
WARNING 2021-08-07 16:27:55,830 log 224 Not Found: /register/index.html
WARNING 2021-08-07 16:27:55,831 basehttp 161 "GET /register/index.html HTTP/1.1" 404 2308
INFO 2021-08-07 16:29:20,522 basehttp 161 "GET /static/index.html HTTP/1.1" 304 0
INFO 2021-08-07 16:29:26,625 basehttp 161 "GET /register/ HTTP/1.1" 200 5200
INFO 2021-08-07 16:29:26,776 basehttp 161 "GET /register/ HTTP/1.1" 200 5200
INFO 2021-08-07 16:29:42,018 basehttp 161 "GET /static/index.html HTTP/1.1" 304 0
INFO 2021-08-07 16:29:43,945 basehttp 161 "GET /register/ HTTP/1.1" 200 5208
INFO 2021-08-07 16:29:44,252 basehttp 161 "GET /register/ HTTP/1.1" 200 5208
INFO 2021-08-07 16:29:44,408 basehttp 161 "GET /register/ HTTP/1.1" 200 5208
INFO 2021-08-07 16:30:21,095 basehttp 161 "GET /static/center.html HTTP/1.1" 200 4136
INFO 2021-08-07 16:30:21,143 basehttp 161 "GET /static/js/center.js HTTP/1.1" 200 522
INFO 2021-08-07 16:30:21,146 basehttp 161 "GET /static/img/mei.png HTTP/1.1" 200 230847
INFO 2021-08-07 16:39:08,303 autoreload 251 F:\git ¿â\django_blog\new_pro\users\models.py changed, reloading.
INFO 2021-08-07 16:39:10,228 autoreload 637 Watching for file changes with StatReloader
INFO 2021-08-07 16:46:21,358 autoreload 251 F:\git ¿â\django_blog\new_pro\users\models.py changed, reloading.
INFO 2021-08-07 16:46:23,211 autoreload 637 Watching for file changes with StatReloader
INFO 2021-08-07 16:49:17,268 autoreload 251 F:\git ¿â\django_blog\new_pro\new_pro\settings.py changed, reloading.
INFO 2021-08-07 16:49:19,044 autoreload 637 Watching for file changes with StatReloader
INFO 2021-08-07 16:50:26,362 autoreload 637 Watching for file changes with StatReloader
INFO 2021-08-08 15:34:11,787 autoreload 637 Watching for file changes with StatReloader
WARNING 2021-08-08 15:34:15,412 log 224 Not Found: /
WARNING 2021-08-08 15:34:15,413 basehttp 161 "GET / HTTP/1.1" 404 2233
WARNING 2021-08-08 15:34:15,663 log 224 Not Found: /favicon.ico
WARNING 2021-08-08 15:34:15,664 basehttp 161 "GET /favicon.ico HTTP/1.1" 404 2284
INFO 2021-08-08 15:34:25,141 basehttp 161 "GET /register/ HTTP/1.1" 200 5208
INFO 2021-08-08 15:34:28,197 basehttp 161 "GET /static/login.html HTTP/1.1" 304 0
WARNING 2021-08-08 15:34:32,309 log 224 Not Found: /templates/register.html
WARNING 2021-08-08 15:34:32,310 basehttp 161 "GET /templates/register.html HTTP/1.1" 404 2320
WARNING 2021-08-08 15:36:36,524 log 224 Not Found: /templates/register.html
WARNING 2021-08-08 15:36:36,525 basehttp 161 "GET /templates/register.html HTTP/1.1" 404 2320
WARNING 2021-08-08 15:36:42,981 log 224 Not Found: /templates/register.html
WARNING 2021-08-08 15:36:42,981 basehttp 161 "GET /templates/register.html HTTP/1.1" 404 2320
WARNING 2021-08-08 15:37:08,092 log 224 Not Found: /templates/register.html
WARNING 2021-08-08 15:37:08,092 basehttp 161 "GET /templates/register.html HTTP/1.1" 404 2320
WARNING 2021-08-08 15:37:08,721 log 224 Not Found: /templates/register.html
WARNING 2021-08-08 15:37:08,722 basehttp 161 "GET /templates/register.html HTTP/1.1" 404 2320
WARNING 2021-08-08 15:37:08,885 log 224 Not Found: /templates/register.html
WARNING 2021-08-08 15:37:08,885 basehttp 161 "GET /templates/register.html HTTP/1.1" 404 2320
WARNING 2021-08-08 15:37:09,044 log 224 Not Found: /templates/register.html
WARNING 2021-08-08 15:37:09,045 basehttp 161 "GET /templates/register.html HTTP/1.1" 404 2320
WARNING 2021-08-08 15:37:09,832 log 224 Not Found: /templates/register.html
WARNING 2021-08-08 15:37:09,832 basehttp 161 "GET /templates/register.html HTTP/1.1" 404 2320
WARNING 2021-08-08 15:37:09,988 log 224 Not Found: /templates/register.html
WARNING 2021-08-08 15:37:09,988 basehttp 161 "GET /templates/register.html HTTP/1.1" 404 2320
WARNING 2021-08-08 15:37:10,161 log 224 Not Found: /templates/register.html
WARNING 2021-08-08 15:37:10,161 basehttp 161 "GET /templates/register.html HTTP/1.1" 404 2320
WARNING 2021-08-08 15:37:10,514 log 224 Not Found: /templates/register.html
WARNING 2021-08-08 15:37:10,515 basehttp 161 "GET /templates/register.html HTTP/1.1" 404 2320
WARNING 2021-08-08 15:37:10,701 log 224 Not Found: /templates/register.html
WARNING 2021-08-08 15:37:10,702 basehttp 161 "GET /templates/register.html HTTP/1.1" 404 2320
WARNING 2021-08-08 15:37:35,213 log 224 Not Found: /templates/register.html
WARNING 2021-08-08 15:37:35,213 basehttp 161 "GET /templates/register.html HTTP/1.1" 404 2320
WARNING 2021-08-08 15:37:35,850 log 224 Not Found: /templates/register.html
WARNING 2021-08-08 15:37:35,850 basehttp 161 "GET /templates/register.html HTTP/1.1" 404 2320
WARNING 2021-08-08 15:37:35,984 log 224 Not Found: /templates/register.html
WARNING 2021-08-08 15:37:35,984 basehttp 161 "GET /templates/register.html HTTP/1.1" 404 2320
WARNING 2021-08-08 15:37:55,379 log 224 Not Found: /templates/register.html
WARNING 2021-08-08 15:37:55,379 basehttp 161 "GET /templates/register.html HTTP/1.1" 404 2320
WARNING 2021-08-08 15:38:01,428 basehttp 161 "GET /static/js/axios.min.map HTTP/1.1" 404 1807
INFO 2021-08-08 15:38:01,436 basehttp 161 "GET /static/bootstrap/css/bootstrap.min.css.map HTTP/1.1" 200 562427
WARNING 2021-08-08 15:38:03,229 log 224 Not Found: /templates/register.html
WARNING 2021-08-08 15:38:03,229 basehttp 161 "GET /templates/register.html HTTP/1.1" 404 2320
WARNING 2021-08-08 15:38:32,077 log 224 Not Found: /templates/register.html
WARNING 2021-08-08 15:38:32,077 basehttp 161 "GET /templates/register.html HTTP/1.1" 404 2320
WARNING 2021-08-08 15:38:32,419 log 224 Not Found: /templates/register.html
WARNING 2021-08-08 15:38:32,419 basehttp 161 "GET /templates/register.html HTTP/1.1" 404 2320
WARNING 2021-08-08 15:38:32,632 log 224 Not Found: /templates/register.html
WARNING 2021-08-08 15:38:32,633 basehttp 161 "GET /templates/register.html HTTP/1.1" 404 2320
WARNING 2021-08-08 15:38:32,780 log 224 Not Found: /templates/register.html
WARNING 2021-08-08 15:38:32,780 basehttp 161 "GET /templates/register.html HTTP/1.1" 404 2320
WARNING 2021-08-08 15:38:32,947 log 224 Not Found: /templates/register.html
WARNING 2021-08-08 15:38:32,947 basehttp 161 "GET /templates/register.html HTTP/1.1" 404 2320
WARNING 2021-08-08 15:38:33,119 log 224 Not Found: /templates/register.html
WARNING 2021-08-08 15:38:33,119 basehttp 161 "GET /templates/register.html HTTP/1.1" 404 2320
WARNING 2021-08-08 15:38:33,270 log 224 Not Found: /templates/register.html
WARNING 2021-08-08 15:38:33,271 basehttp 161 "GET /templates/register.html HTTP/1.1" 404 2320
WARNING 2021-08-08 15:38:33,426 log 224 Not Found: /templates/register.html
WARNING 2021-08-08 15:38:33,426 basehttp 161 "GET /templates/register.html HTTP/1.1" 404 2320
WARNING 2021-08-08 15:38:33,584 log 224 Not Found: /templates/register.html
WARNING 2021-08-08 15:38:33,584 basehttp 161 "GET /templates/register.html HTTP/1.1" 404 2320
WARNING 2021-08-08 15:38:33,749 log 224 Not Found: /templates/register.html
WARNING 2021-08-08 15:38:33,749 basehttp 161 "GET /templates/register.html HTTP/1.1" 404 2320
WARNING 2021-08-08 15:38:34,026 log 224 Not Found: /templates/register.html
WARNING 2021-08-08 15:38:34,026 basehttp 161 "GET /templates/register.html HTTP/1.1" 404 2320
WARNING 2021-08-08 15:38:34,176 log 224 Not Found: /templates/register.html
WARNING 2021-08-08 15:38:34,176 basehttp 161 "GET /templates/register.html HTTP/1.1" 404 2320
WARNING 2021-08-08 15:38:34,327 log 224 Not Found: /templates/register.html
WARNING 2021-08-08 15:38:34,328 basehttp 161 "GET /templates/register.html HTTP/1.1" 404 2320
WARNING 2021-08-08 15:38:34,474 log 224 Not Found: /templates/register.html
WARNING 2021-08-08 15:38:34,475 basehttp 161 "GET /templates/register.html HTTP/1.1" 404 2320
WARNING 2021-08-08 15:38:37,727 log 224 Not Found: /templates/register.html
WARNING 2021-08-08 15:38:37,727 basehttp 161 "GET /templates/register.html HTTP/1.1" 404 2320
WARNING 2021-08-08 15:38:41,348 basehttp 161 "GET /static/js/axios.min.map HTTP/1.1" 404 1807
INFO 2021-08-08 15:38:41,354 basehttp 161 "GET /static/bootstrap/css/bootstrap.min.css.map HTTP/1.1" 200 562427
INFO 2021-08-08 15:38:51,045 basehttp 161 "GET /static/login.html HTTP/1.1" 200 3084
WARNING 2021-08-08 15:38:51,149 basehttp 161 "GET /static/js/axios.min.map HTTP/1.1" 404 1807
INFO 2021-08-08 15:38:51,159 basehttp 161 "GET /static/bootstrap/css/bootstrap.min.css.map HTTP/1.1" 200 562427
INFO 2021-08-08 15:38:51,687 basehttp 161 "GET /static/login.html HTTP/1.1" 304 0
WARNING 2021-08-08 15:38:51,789 basehttp 161 "GET /static/js/axios.min.map HTTP/1.1" 404 1807
INFO 2021-08-08 15:38:51,808 basehttp 161 "GET /static/bootstrap/css/bootstrap.min.css.map HTTP/1.1" 200 562427
WARNING 2021-08-08 15:38:52,559 basehttp 161 "GET /static/register HTTP/1.1" 404 1783
WARNING 2021-08-08 15:39:12,187 basehttp 161 "GET /static/js/axios.min.map HTTP/1.1" 404 1807
INFO 2021-08-08 15:39:12,201 basehttp 161 "GET /static/bootstrap/css/bootstrap.min.css.map HTTP/1.1" 200 562427
INFO 2021-08-08 15:39:12,914 basehttp 161 "GET /static/login.html HTTP/1.1" 200 3087
WARNING 2021-08-08 15:39:13,014 basehttp 161 "GET /static/js/axios.min.map HTTP/1.1" 404 1807
INFO 2021-08-08 15:39:13,023 basehttp 161 "GET /static/bootstrap/css/bootstrap.min.css.map HTTP/1.1" 200 562427
INFO 2021-08-08 15:39:13,429 basehttp 161 "GET /static/login.html HTTP/1.1" 304 0
WARNING 2021-08-08 15:39:13,528 basehttp 161 "GET /static/js/axios.min.map HTTP/1.1" 404 1807
INFO 2021-08-08 15:39:13,538 basehttp 161 "GET /static/bootstrap/css/bootstrap.min.css.map HTTP/1.1" 200 562427
INFO 2021-08-08 15:39:13,811 basehttp 161 "GET /static/login.html HTTP/1.1" 304 0
WARNING 2021-08-08 15:39:13,907 basehttp 161 "GET /static/js/axios.min.map HTTP/1.1" 404 1807
INFO 2021-08-08 15:39:13,917 basehttp 161 "GET /static/bootstrap/css/bootstrap.min.css.map HTTP/1.1" 200 562427
INFO 2021-08-08 15:39:14,568 basehttp 161 "GET /register/ HTTP/1.1" 200 5208
WARNING 2021-08-08 15:39:14,662 basehttp 161 "GET /static/js/axios.min.map HTTP/1.1" 404 1807
INFO 2021-08-08 15:39:14,675 basehttp 161 "GET /static/bootstrap/css/bootstrap.min.css.map HTTP/1.1" 200 562427
INFO 2021-08-08 15:39:15,851 basehttp 161 "GET /static/login.html HTTP/1.1" 304 0
WARNING 2021-08-08 15:39:15,947 basehttp 161 "GET /static/js/axios.min.map HTTP/1.1" 404 1807
INFO 2021-08-08 15:39:15,965 basehttp 161 "GET /static/bootstrap/css/bootstrap.min.css.map HTTP/1.1" 200 562427
INFO 2021-08-08 15:39:17,544 basehttp 161 "GET /register/ HTTP/1.1" 200 5208
WARNING 2021-08-08 15:39:17,640 basehttp 161 "GET /static/js/axios.min.map HTTP/1.1" 404 1807
INFO 2021-08-08 15:39:17,653 basehttp 161 "GET /static/bootstrap/css/bootstrap.min.css.map HTTP/1.1" 200 562427
INFO 2021-08-08 15:39:18,441 basehttp 161 "GET /static/login.html HTTP/1.1" 304 0
WARNING 2021-08-08 15:39:18,535 basehttp 161 "GET /static/js/axios.min.map HTTP/1.1" 404 1807
INFO 2021-08-08 15:39:18,554 basehttp 161 "GET /static/bootstrap/css/bootstrap.min.css.map HTTP/1.1" 200 562427
INFO 2021-08-08 15:39:19,710 basehttp 161 "GET /register/ HTTP/1.1" 200 5208
WARNING 2021-08-08 15:39:19,805 basehttp 161 "GET /static/js/axios.min.map HTTP/1.1" 404 1807
INFO 2021-08-08 15:39:19,817 basehttp 161 "GET /static/bootstrap/css/bootstrap.min.css.map HTTP/1.1" 200 562427
WARNING 2021-08-08 15:39:27,528 basehttp 161 "GET /static/js/axios.min.map HTTP/1.1" 404 1807
INFO 2021-08-08 15:39:27,537 basehttp 161 "GET /static/bootstrap/css/bootstrap.min.css.map HTTP/1.1" 200 562427
INFO 2021-08-08 15:47:05,085 autoreload 251 F:\git ¿â\django_blog\new_pro\users\views.py changed, reloading.
INFO 2021-08-08 15:47:06,224 autoreload 637 Watching for file changes with StatReloader
INFO 2021-08-08 16:03:08,294 autoreload 251 F:\git ¿â\django_blog\new_pro\users\views.py changed, reloading.
INFO 2021-08-08 16:03:09,421 autoreload 637 Watching for file changes with StatReloader
INFO 2021-08-08 16:03:37,403 basehttp 161 "GET /register/ HTTP/1.1" 200 5208
WARNING 2021-08-08 16:03:37,552 basehttp 161 "GET /static/js/axios.min.map HTTP/1.1" 404 1807
INFO 2021-08-08 16:03:37,585 basehttp 161 "GET /static/bootstrap/css/bootstrap.min.css.map HTTP/1.1" 200 562427
WARNING 2021-08-08 16:04:15,588 log 224 Not Found: /imagecode/>uuid=123
WARNING 2021-08-08 16:04:15,589 basehttp 161 "GET /imagecode/%3Euuid=123 HTTP/1.1" 404 2493
WARNING 2021-08-08 16:04:33,098 log 224 Not Found: /imagecode/uuid=123
WARNING 2021-08-08 16:04:33,098 basehttp 161 "GET /imagecode/uuid=123 HTTP/1.1" 404 2482
INFO 2021-08-08 16:04:37,041 basehttp 161 "GET /imagecode HTTP/1.1" 301 0
WARNING 2021-08-08 16:04:37,045 log 224 Bad Request: /imagecode/
WARNING 2021-08-08 16:04:37,046 basehttp 161 "GET /imagecode/ HTTP/1.1" 400 12
INFO 2021-08-08 16:05:51,569 autoreload 637 Watching for file changes with StatReloader
WARNING 2021-08-08 16:06:12,572 log 224 Not Found: /imagecode/uuid=123
WARNING 2021-08-08 16:06:12,573 basehttp 161 "GET /imagecode/uuid=123 HTTP/1.1" 404 2482
ERROR 2021-08-08 16:06:29,134 log 224 Internal Server Error: /imagecode/
Traceback (most recent call last):
  File "F:\git ¿â\django_blog\new_pro\venv\lib\site-packages\django\core\handlers\exception.py", line 47, in inner
    response = get_response(request)
  File "F:\git ¿â\django_blog\new_pro\venv\lib\site-packages\django\core\handlers\base.py", line 181, in _get_response
    response = wrapped_callback(request, *callback_args, **callback_kwargs)
  File "F:\git ¿â\django_blog\new_pro\venv\lib\site-packages\django\views\generic\base.py", line 70, in view
    return self.dispatch(request, *args, **kwargs)
  File "F:\git ¿â\django_blog\new_pro\venv\lib\site-packages\django\views\generic\base.py", line 98, in dispatch
    return handler(request, *args, **kwargs)
  File "F:\git ¿â\django_blog\new_pro\users\views.py", line 24, in get
    redis_connection.setex(key=uuid,seconds=300,value=text)
TypeError: setex() got an unexpected keyword argument 'key'
ERROR 2021-08-08 16:06:29,135 basehttp 161 "GET /imagecode/?uuid=123 HTTP/1.1" 500 83400
ERROR 2021-08-08 16:07:26,753 log 224 Internal Server Error: /imagecode/
Traceback (most recent call last):
  File "F:\git ¿â\django_blog\new_pro\venv\lib\site-packages\django\core\handlers\exception.py", line 47, in inner
    response = get_response(request)
  File "F:\git ¿â\django_blog\new_pro\venv\lib\site-packages\django\core\handlers\base.py", line 181, in _get_response
    response = wrapped_callback(request, *callback_args, **callback_kwargs)
  File "F:\git ¿â\django_blog\new_pro\venv\lib\site-packages\django\views\generic\base.py", line 70, in view
    return self.dispatch(request, *args, **kwargs)
  File "F:\git ¿â\django_blog\new_pro\venv\lib\site-packages\django\views\generic\base.py", line 98, in dispatch
    return handler(request, *args, **kwargs)
  File "F:\git ¿â\django_blog\new_pro\users\views.py", line 24, in get
    redis_connection.setex(key=uuid,seconds=300,value=text)
TypeError: setex() got an unexpected keyword argument 'key'
ERROR 2021-08-08 16:07:26,754 basehttp 161 "GET /imagecode/?uuid=123 HTTP/1.1" 500 83537
ERROR 2021-08-08 16:07:27,185 log 224 Internal Server Error: /imagecode/
Traceback (most recent call last):
  File "F:\git ¿â\django_blog\new_pro\venv\lib\site-packages\django\core\handlers\exception.py", line 47, in inner
    response = get_response(request)
  File "F:\git ¿â\django_blog\new_pro\venv\lib\site-packages\django\core\handlers\base.py", line 181, in _get_response
    response = wrapped_callback(request, *callback_args, **callback_kwargs)
  File "F:\git ¿â\django_blog\new_pro\venv\lib\site-packages\django\views\generic\base.py", line 70, in view
    return self.dispatch(request, *args, **kwargs)
  File "F:\git ¿â\django_blog\new_pro\venv\lib\site-packages\django\views\generic\base.py", line 98, in dispatch
    return handler(request, *args, **kwargs)
  File "F:\git ¿â\django_blog\new_pro\users\views.py", line 24, in get
    redis_connection.setex(key=uuid,seconds=300,value=text)
TypeError: setex() got an unexpected keyword argument 'key'
ERROR 2021-08-08 16:07:27,186 basehttp 161 "GET /imagecode/?uuid=123 HTTP/1.1" 500 83549
ERROR 2021-08-08 16:07:27,725 log 224 Internal Server Error: /imagecode/
Traceback (most recent call last):
  File "F:\git ¿â\django_blog\new_pro\venv\lib\site-packages\django\core\handlers\exception.py", line 47, in inner
    response = get_response(request)
  File "F:\git ¿â\django_blog\new_pro\venv\lib\site-packages\django\core\handlers\base.py", line 181, in _get_response
    response = wrapped_callback(request, *callback_args, **callback_kwargs)
  File "F:\git ¿â\django_blog\new_pro\venv\lib\site-packages\django\views\generic\base.py", line 70, in view
    return self.dispatch(request, *args, **kwargs)
  File "F:\git ¿â\django_blog\new_pro\venv\lib\site-packages\django\views\generic\base.py", line 98, in dispatch
    return handler(request, *args, **kwargs)
  File "F:\git ¿â\django_blog\new_pro\users\views.py", line 24, in get
    redis_connection.setex(key=uuid,seconds=300,value=text)
TypeError: setex() got an unexpected keyword argument 'key'
ERROR 2021-08-08 16:07:27,727 basehttp 161 "GET /imagecode/?uuid=123 HTTP/1.1" 500 83555
INFO 2021-08-08 16:12:39,579 autoreload 251 F:\git ¿â\django_blog\new_pro\users\views.py changed, reloading.
INFO 2021-08-08 16:12:40,671 autoreload 637 Watching for file changes with StatReloader
INFO 2021-08-08 16:12:51,143 basehttp 161 "GET /imagecode/?uuid=123 HTTP/1.1" 200 2922
INFO 2021-08-08 16:13:02,548 autoreload 637 Watching for file changes with StatReloader
INFO 2021-08-08 16:13:09,294 autoreload 637 Watching for file changes with StatReloader
WARNING 2021-08-08 16:13:12,821 log 224 Not Found: /
WARNING 2021-08-08 16:13:12,821 basehttp 161 "GET / HTTP/1.1" 404 2408
WARNING 2021-08-08 16:13:41,166 log 224 Not Found: /
WARNING 2021-08-08 16:13:41,166 basehttp 161 "GET / HTTP/1.1" 404 2408
WARNING 2021-08-08 16:13:41,584 log 224 Not Found: /
WARNING 2021-08-08 16:13:41,584 basehttp 161 "GET / HTTP/1.1" 404 2408
WARNING 2021-08-08 16:13:41,757 log 224 Not Found: /
WARNING 2021-08-08 16:13:41,757 basehttp 161 "GET / HTTP/1.1" 404 2408
INFO 2021-08-08 16:14:00,063 basehttp 161 "GET /admin/ HTTP/1.1" 302 0
INFO 2021-08-08 16:14:00,303 basehttp 161 "GET /admin/login/?next=/admin/ HTTP/1.1" 200 2216
INFO 2021-08-08 16:14:00,352 basehttp 161 "GET /static/admin/css/nav_sidebar.css HTTP/1.1" 200 2271
INFO 2021-08-08 16:14:00,352 basehttp 161 "GET /static/admin/css/login.css HTTP/1.1" 200 939
INFO 2021-08-08 16:14:00,352 basehttp 161 "GET /static/admin/css/responsive.css HTTP/1.1" 200 18545
INFO 2021-08-08 16:14:00,353 basehttp 161 "GET /static/admin/css/base.css HTTP/1.1" 200 19513
INFO 2021-08-08 16:14:00,381 basehttp 161 "GET /static/admin/css/fonts.css HTTP/1.1" 304 0
INFO 2021-08-08 16:14:00,401 basehttp 161 "GET /static/admin/js/nav_sidebar.js HTTP/1.1" 200 1360
INFO 2021-08-08 16:14:00,415 basehttp 161 "GET /static/admin/fonts/Roboto-Regular-webfont.woff HTTP/1.1" 304 0
INFO 2021-08-08 16:14:00,417 basehttp 161 "GET /static/admin/fonts/Roboto-Light-webfont.woff HTTP/1.1" 304 0
WARNING 2021-08-08 16:14:15,498 log 224 Not Found: /
WARNING 2021-08-08 16:14:15,499 basehttp 161 "GET / HTTP/1.1" 404 2408
INFO 2021-08-08 16:14:32,799 basehttp 161 "GET /imagecode/?uuid=123 HTTP/1.1" 200 3348
INFO 2021-08-08 16:14:38,547 basehttp 161 "GET /imagecode/?uuid=234 HTTP/1.1" 200 3268
INFO 2021-08-08 16:17:09,947 basehttp 161 "GET /register/ HTTP/1.1" 200 5197
WARNING 2021-08-08 16:17:10,084 basehttp 161 "GET /static/js/axios.min.map HTTP/1.1" 404 1807
INFO 2021-08-08 16:17:10,088 basehttp 161 "GET /static/bootstrap/css/bootstrap.min.css.map HTTP/1.1" 200 562427
INFO 2021-08-08 16:17:10,111 basehttp 161 "GET /imagecode/?uuid=63a34ffd-f94a-4b79-aabe-08a7a74cfcf3 HTTP/1.1" 200 3266
INFO 2021-08-08 16:17:15,253 basehttp 161 "GET /imagecode/?uuid=a276d2ad-2a6a-4b44-9395-fab994e2eb77 HTTP/1.1" 200 3192
INFO 2021-08-08 16:17:15,410 basehttp 161 "GET /imagecode/?uuid=38583687-7640-458d-ae34-6a7b8d8c31e5 HTTP/1.1" 200 3154
INFO 2021-08-08 16:17:15,943 basehttp 161 "GET /imagecode/?uuid=a8537ecd-4f79-45cf-9433-11393522645a HTTP/1.1" 200 3330
INFO 2021-08-08 16:17:16,353 basehttp 161 "GET /imagecode/?uuid=1d7a6099-d465-42a0-96a6-599c4d83f5f9 HTTP/1.1" 200 3002
INFO 2021-08-08 16:17:16,759 basehttp 161 "GET /imagecode/?uuid=faaa6a79-47de-4a80-9755-c73c8bcc03aa HTTP/1.1" 200 3375
INFO 2021-08-08 16:17:17,066 basehttp 161 "GET /imagecode/?uuid=b3799da7-ffff-4060-9602-41dfe5e2d516 HTTP/1.1" 200 3518
INFO 2021-08-08 16:17:17,276 basehttp 161 "GET /imagecode/?uuid=eafa54b4-549d-401f-8b6b-b2e1e2592605 HTTP/1.1" 200 3210
INFO 2021-08-08 16:17:17,405 basehttp 161 "GET /imagecode/?uuid=52d0c495-cb80-4e79-81ee-609479141c07 HTTP/1.1" 200 2873
INFO 2021-08-08 16:17:17,577 basehttp 161 "GET /imagecode/?uuid=cdbd1f89-5eb9-42bf-83d0-e9095c958c4b HTTP/1.1" 200 3372
INFO 2021-08-08 16:17:17,720 basehttp 161 "GET /imagecode/?uuid=9971b907-d1b4-4795-99a8-db5cef86c0d5 HTTP/1.1" 200 3200
INFO 2021-08-08 16:17:17,885 basehttp 161 "GET /imagecode/?uuid=53eea860-9936-455e-8f4e-8a88245e0981 HTTP/1.1" 200 3176
INFO 2021-08-08 16:17:18,297 basehttp 161 "GET /imagecode/?uuid=e6727dec-055b-4899-9c83-3ca994166adc HTTP/1.1" 200 3202
INFO 2021-08-08 16:17:18,498 basehttp 161 "GET /imagecode/?uuid=174d2477-00e5-4ee3-a24d-8ea2bb59dfb2 HTTP/1.1" 200 3062
INFO 2021-08-08 16:17:18,619 basehttp 161 "GET /imagecode/?uuid=788baeef-cd1a-40ca-8872-9267c58f7a79 HTTP/1.1" 200 2764
INFO 2021-08-08 16:17:18,942 basehttp 161 "GET /imagecode/?uuid=86177453-8bd5-4b3e-9396-70f34f6397ae HTTP/1.1" 200 3535
INFO 2021-08-08 16:17:19,114 basehttp 161 "GET /imagecode/?uuid=ec26f68f-93ab-442f-b52e-0e416f7d19c3 HTTP/1.1" 200 3227
INFO 2021-08-08 16:17:19,250 basehttp 161 "GET /imagecode/?uuid=cfc4b086-e831-4256-b303-48349c1584b5 HTTP/1.1" 200 3079
INFO 2021-08-08 16:17:19,424 basehttp 161 "GET /imagecode/?uuid=966531dc-0612-45a2-b247-113d2e41b2ca HTTP/1.1" 200 3381
INFO 2021-08-08 16:17:19,744 basehttp 161 "GET /imagecode/?uuid=7d2dadac-95fc-483d-a4c8-6b6093b2fdf3 HTTP/1.1" 200 3947
INFO 2021-08-08 16:17:19,930 basehttp 161 "GET /imagecode/?uuid=947697cb-0793-4166-83c2-2b84d9da0073 HTTP/1.1" 200 3241
INFO 2021-08-08 16:17:20,052 basehttp 161 "GET /imagecode/?uuid=29cb53b2-5362-4e71-bdd3-665e9ff843b4 HTTP/1.1" 200 3046
INFO 2021-08-08 16:17:20,193 basehttp 161 "GET /imagecode/?uuid=7b1f1abb-70a5-46b6-b4fa-516446237495 HTTP/1.1" 200 2974
INFO 2021-08-08 16:17:20,357 basehttp 161 "GET /imagecode/?uuid=7f806b22-8e7b-463c-97c5-f5bc6d53d766 HTTP/1.1" 200 3106
INFO 2021-08-08 16:17:20,547 basehttp 161 "GET /imagecode/?uuid=a4fd2e5a-e0e0-4201-a857-d505a58e79eb HTTP/1.1" 200 3122
INFO 2021-08-08 16:17:20,673 basehttp 161 "GET /imagecode/?uuid=0bebd11f-a82c-4b30-810b-5131ad215f11 HTTP/1.1" 200 3092
INFO 2021-08-08 16:17:20,855 basehttp 161 "GET /imagecode/?uuid=ad38822a-4f85-4ce3-9eae-46b3fe246892 HTTP/1.1" 200 3556
INFO 2021-08-08 16:17:21,057 basehttp 161 "GET /imagecode/?uuid=148cb9b6-f99e-4109-b59b-697de870b68a HTTP/1.1" 200 3329
INFO 2021-08-08 16:17:21,179 basehttp 161 "GET /imagecode/?uuid=b2507102-2b0d-4271-8595-e2d21c6e2cc3 HTTP/1.1" 200 3465
INFO 2021-08-08 16:17:21,363 basehttp 161 "GET /imagecode/?uuid=3550c159-8bf0-4959-a8fe-500a0ad4ace2 HTTP/1.1" 200 2867
INFO 2021-08-08 16:17:21,552 basehttp 161 "GET /imagecode/?uuid=c97c96ef-04c4-4baf-8c4f-541b2aaf4f7f HTTP/1.1" 200 3064
INFO 2021-08-08 16:17:21,979 basehttp 161 "GET /imagecode/?uuid=19f52ad5-2f19-4cff-b3b1-a1a8c7d66d5f HTTP/1.1" 200 3216
INFO 2021-08-08 16:17:22,113 basehttp 161 "GET /imagecode/?uuid=9bc71f46-8458-47bb-9c61-43e9d07ec42f HTTP/1.1" 200 3294
INFO 2021-08-08 16:17:22,295 basehttp 161 "GET /imagecode/?uuid=bab354a5-6fa9-475c-8f87-19cdb739c115 HTTP/1.1" 200 2890
INFO 2021-08-08 16:17:22,474 basehttp 161 "GET /imagecode/?uuid=410d6f8f-cbf5-4e84-b1ed-da47f3d135f4 HTTP/1.1" 200 3172
INFO 2021-08-08 16:17:22,781 basehttp 161 "GET /imagecode/?uuid=b80bbd6f-cb4f-4a1d-92d1-0e5f58e79c1c HTTP/1.1" 200 3055
INFO 2021-08-08 16:17:22,924 basehttp 161 "GET /imagecode/?uuid=c633cfa0-23a6-43a0-b310-cf65d79fc832 HTTP/1.1" 200 3934
INFO 2021-08-08 16:17:23,089 basehttp 161 "GET /imagecode/?uuid=729e4623-c07a-4c88-a23f-8b3bd17f746b HTTP/1.1" 200 3171
INFO 2021-08-08 16:17:23,255 basehttp 161 "GET /imagecode/?uuid=9dd37e67-aec2-42bc-81e0-157b9c1e7b49 HTTP/1.1" 200 2991
INFO 2021-08-08 16:17:23,419 basehttp 161 "GET /imagecode/?uuid=7dc73544-d046-4cae-8bbc-6e324ea12df5 HTTP/1.1" 200 3246
INFO 2021-08-08 16:17:23,673 basehttp 161 "GET /imagecode/?uuid=488854a4-d811-4755-b9aa-3db1d840abbd HTTP/1.1" 200 3667
INFO 2021-08-08 16:17:23,837 basehttp 161 "GET /imagecode/?uuid=c9e94da6-6d34-404b-a1ac-1a6bb4d39355 HTTP/1.1" 200 2863
INFO 2021-08-08 16:17:27,200 basehttp 161 "GET /imagecode/?uuid=346b803f-7db6-4985-a281-6c83fc0630b8 HTTP/1.1" 200 3722
INFO 2021-08-08 16:17:27,342 basehttp 161 "GET /imagecode/?uuid=89fee863-8947-4ea2-87f6-9d27020e7274 HTTP/1.1" 200 3589
INFO 2021-08-08 16:17:29,044 basehttp 161 "GET /imagecode/?uuid=a6fcb7b5-ba1f-4268-abc4-c1c76c1b8439 HTTP/1.1" 200 3410
INFO 2021-08-08 16:17:29,451 basehttp 161 "GET /imagecode/?uuid=1161dc9b-b51d-44a1-9c73-564795977893 HTTP/1.1" 200 2774
INFO 2021-08-08 16:17:29,795 basehttp 161 "GET /imagecode/?uuid=34a2f640-d67f-4c4f-b3c5-d4df6c199724 HTTP/1.1" 200 3558
INFO 2021-08-08 16:17:29,989 basehttp 161 "GET /imagecode/?uuid=87957c4e-366d-406a-a0e0-b54e0d143a7d HTTP/1.1" 200 3570
INFO 2021-08-08 16:17:30,357 basehttp 161 "GET /imagecode/?uuid=d2001a51-08b7-4634-bd1b-f69898864ad5 HTTP/1.1" 200 3353
INFO 2021-08-08 16:17:30,573 basehttp 161 "GET /imagecode/?uuid=99471b72-b10c-4e14-b461-46a6087e066e HTTP/1.1" 200 2951
INFO 2021-08-08 16:17:30,731 basehttp 161 "GET /imagecode/?uuid=fdb1762d-aa0c-47c9-b98c-1949a826550f HTTP/1.1" 200 3056
INFO 2021-08-08 16:17:31,226 basehttp 161 "GET /imagecode/?uuid=b35d02aa-0a50-44d7-9491-4990d0c76753 HTTP/1.1" 200 3283
INFO 2021-08-08 17:12:53,946 autoreload 251 F:\git ¿â\django_blog\new_pro\users\views.py changed, reloading.
INFO 2021-08-08 17:12:54,503 autoreload 251 F:\git ¿â\django_blog\new_pro\users\views.py changed, reloading.
INFO 2021-08-08 17:12:55,284 autoreload 637 Watching for file changes with StatReloader
INFO 2021-08-08 17:12:56,447 autoreload 637 Watching for file changes with StatReloader
INFO 2021-08-08 17:16:01,844 autoreload 251 F:\git ¿â\django_blog\new_pro\users\views.py changed, reloading.
INFO 2021-08-08 17:16:02,150 autoreload 251 F:\git ¿â\django_blog\new_pro\users\views.py changed, reloading.
INFO 2021-08-08 17:16:02,958 autoreload 637 Watching for file changes with StatReloader
INFO 2021-08-08 17:16:03,986 autoreload 637 Watching for file changes with StatReloader
INFO 2021-08-08 17:37:45,264 autoreload 251 F:\git ¿â\django_blog\new_pro\users\views.py changed, reloading.
INFO 2021-08-08 17:37:46,322 autoreload 637 Watching for file changes with StatReloader
